[0.006s] Invoking command in '/home/matt/CSC212-Roomba-Project/build/path_publisher': CMAKE_PREFIX_PATH=${CMAKE_PREFIX_PATH}:/home/matt/create3_examples_ws/install/create3_teleop:/home/matt/create3_examples_ws/install/create3_examples_py /usr/bin/cmake /home/matt/CSC212-Roomba-Project/robot_ws/src/path_publisher -DCMAKE_INSTALL_PREFIX=/home/matt/CSC212-Roomba-Project/install/path_publisher
[0.095s] -- The C compiler identification is GNU 11.4.0
[0.162s] -- The CXX compiler identification is GNU 11.4.0
[0.169s] -- Detecting C compiler ABI info
[0.199s] -- Detecting C compiler ABI info - done
[0.202s] -- Check for working C compiler: /usr/bin/cc - skipped
[0.202s] -- Detecting C compile features
[0.203s] -- Detecting C compile features - done
[0.204s] -- Detecting CXX compiler ABI info
[0.235s] -- Detecting CXX compiler ABI info - done
[0.238s] -- Check for working CXX compiler: /usr/bin/c++ - skipped
[0.238s] -- Detecting CXX compile features
[0.238s] -- Detecting CXX compile features - done
[0.246s] -- Found ament_cmake: 1.3.11 (/opt/ros/humble/share/ament_cmake/cmake)
[0.313s] -- Found Python3: /usr/bin/python3 (found version "3.10.12") found components: Interpreter 
[0.373s] -- Found rclcpp: 16.0.11 (/opt/ros/humble/share/rclcpp/cmake)
[0.412s] -- Found rosidl_generator_c: 3.1.6 (/opt/ros/humble/share/rosidl_generator_c/cmake)
[0.417s] -- Found rosidl_adapter: 3.1.6 (/opt/ros/humble/share/rosidl_adapter/cmake)
[0.424s] -- Found rosidl_generator_cpp: 3.1.6 (/opt/ros/humble/share/rosidl_generator_cpp/cmake)
[0.434s] -- Using all available rosidl_typesupport_c: rosidl_typesupport_fastrtps_c;rosidl_typesupport_introspection_c
[0.448s] -- Using all available rosidl_typesupport_cpp: rosidl_typesupport_fastrtps_cpp;rosidl_typesupport_introspection_cpp
[0.485s] -- Found rmw_implementation_cmake: 6.1.2 (/opt/ros/humble/share/rmw_implementation_cmake/cmake)
[0.488s] -- Found rmw_fastrtps_cpp: 6.2.7 (/opt/ros/humble/share/rmw_fastrtps_cpp/cmake)
[0.537s] -- Found OpenSSL: /usr/lib/aarch64-linux-gnu/libcrypto.so (found version "3.0.2")  
[0.552s] -- Found FastRTPS: /opt/ros/humble/include  
[0.571s] -- Using RMW implementation 'rmw_fastrtps_cpp' as default
[0.580s] -- Looking for pthread.h
[0.615s] -- Looking for pthread.h - found
[0.615s] -- Performing Test CMAKE_HAVE_LIBC_PTHREAD
[0.643s] -- Performing Test CMAKE_HAVE_LIBC_PTHREAD - Success
[0.643s] -- Found Threads: TRUE  
[0.682s] -- Found nav_msgs: 4.2.4 (/opt/ros/humble/share/nav_msgs/cmake)
[0.703s] -- Found rviz_visual_tools: 4.1.4 (/opt/ros/humble/share/rviz_visual_tools/cmake)
[0.798s] -- Setting assimp_DIR to: '/opt/ros/humble/share/rviz_assimp_vendor/cmake/../../../opt/rviz_assimp_vendor/lib/cmake/assimp-4.1'
[0.806s] -- Setting OGRE_DIR to: '/opt/ros/humble/share/rviz_ogre_vendor/cmake/../../../opt/rviz_ogre_vendor/lib/OGRE/cmake'
[0.807s] -- Found OGRE
[0.807s] --   static     : OFF
[0.808s] --   components : HLMS;MeshLodGenerator;Overlay;Paging;Property;RTShaderSystem;Terrain;Volume
[0.808s] --   plugins    : Plugin_BSPSceneManager;Plugin_OctreeSceneManager;Plugin_PCZSceneManager;Plugin_ParticleFX;RenderSystem_GL;RenderSystem_GL3Plus;Codec_STBI
[0.808s] --   media      : /opt/ros/humble/opt/rviz_ogre_vendor/share/OGRE/Media
[0.808s] -- OGRE_LIBRARIES: OgreHLMS;OgreMeshLodGenerator;OgreOverlay;OgrePaging;OgreProperty;OgreRTShaderSystem;OgreTerrain;OgreVolume;OgreMain
[0.808s] -- OGRE_LIBRARY_DIRS: /opt/ros/humble/opt/rviz_ogre_vendor/lib
[0.808s] -- OGRE_PLUGINS: Plugin_BSPSceneManager;Plugin_OctreeSceneManager;Plugin_PCZSceneManager;Plugin_ParticleFX;RenderSystem_GL;RenderSystem_GL3Plus;Codec_STBI
[0.808s] -- OGRE_PLUGIN_DIR: /opt/ros/humble/opt/rviz_ogre_vendor/lib/OGRE
[0.808s] -- rviz_ogre_vendor::OgreOverlay for IMPORTED_LOCATION_RELEASE: /opt/ros/humble/opt/rviz_ogre_vendor/lib/libOgreOverlay.so
[0.808s] -- rviz_ogre_vendor::OgreOverlay for IMPORTED_LOCATION_DEBUG: /opt/ros/humble/opt/rviz_ogre_vendor/lib/libOgreOverlay.so
[0.808s] -- rviz_ogre_vendor::OgreMain for IMPORTED_LOCATION_RELEASE: /opt/ros/humble/opt/rviz_ogre_vendor/lib/libOgreMain.so
[0.808s] -- rviz_ogre_vendor::OgreMain for IMPORTED_LOCATION_DEBUG: /opt/ros/humble/opt/rviz_ogre_vendor/lib/libOgreMain.so
[0.808s] -- Could not find freeimage library
[0.819s] -- Found ZLIB: /usr/lib/aarch64-linux-gnu/libz.so (found version "1.2.11") 
[0.823s] -- Found OpenGL: /usr/lib/aarch64-linux-gnu/libOpenGL.so   
[0.867s] -- Found X11: /usr/include   
[0.868s] -- Looking for XOpenDisplay in /usr/lib/aarch64-linux-gnu/libX11.so;/usr/lib/aarch64-linux-gnu/libXext.so
[0.896s] -- Looking for XOpenDisplay in /usr/lib/aarch64-linux-gnu/libX11.so;/usr/lib/aarch64-linux-gnu/libXext.so - found
[0.896s] -- Looking for gethostbyname
[0.920s] -- Looking for gethostbyname - found
[0.920s] -- Looking for connect
[0.944s] -- Looking for connect - found
[0.944s] -- Looking for remove
[0.967s] -- Looking for remove - found
[0.968s] -- Looking for shmat
[0.992s] -- Looking for shmat - found
[0.992s] -- Looking for IceConnectionNumber in ICE
[1.016s] -- Looking for IceConnectionNumber in ICE - found
[1.051s] -- library: /usr/lib/aarch64-linux-gnu/libcurl.so
[1.077s] -- Found Eigen3: TRUE (found version "3.4.0") 
[1.077s] -- Ensuring Eigen3 include directory is part of orocos-kdl CMake target
[1.186s] -- Found tf2_eigen: 0.25.12 (/opt/ros/humble/share/tf2_eigen/cmake)
[1.189s] -- Found ament_lint_auto: 0.12.11 (/opt/ros/humble/share/ament_lint_auto/cmake)
[1.230s] -- Added test 'cppcheck' to perform static code analysis on C / C++ code
[1.230s] -- Configured cppcheck include dirs: 
[1.230s] -- Configured cppcheck exclude dirs and/or files: 
[1.231s] -- Added test 'lint_cmake' to check CMake code style
[1.231s] -- Added test 'uncrustify' to check C / C++ code style
[1.232s] -- Configured uncrustify additional arguments: 
[1.232s] -- Added test 'xmllint' to check XML markup files
[1.233s] -- Configuring done
[1.252s] -- Generating done
[1.254s] -- Build files have been written to: /home/matt/CSC212-Roomba-Project/build/path_publisher
[1.261s] Invoked command in '/home/matt/CSC212-Roomba-Project/build/path_publisher' returned '0': CMAKE_PREFIX_PATH=${CMAKE_PREFIX_PATH}:/home/matt/create3_examples_ws/install/create3_teleop:/home/matt/create3_examples_ws/install/create3_examples_py /usr/bin/cmake /home/matt/CSC212-Roomba-Project/robot_ws/src/path_publisher -DCMAKE_INSTALL_PREFIX=/home/matt/CSC212-Roomba-Project/install/path_publisher
[1.261s] Invoking command in '/home/matt/CSC212-Roomba-Project/build/path_publisher': CMAKE_PREFIX_PATH=${CMAKE_PREFIX_PATH}:/home/matt/create3_examples_ws/install/create3_teleop:/home/matt/create3_examples_ws/install/create3_examples_py /usr/bin/cmake --build /home/matt/CSC212-Roomba-Project/build/path_publisher -- -j10 -l10
[1.278s] [ 50%] [32mBuilding CXX object CMakeFiles/path_publisher.dir/src/path_publisher.cpp.o[0m
[4.822s] [100%] [32m[1mLinking CXX executable path_publisher[0m
[5.155s] [100%] Built target path_publisher
[5.159s] Invoked command in '/home/matt/CSC212-Roomba-Project/build/path_publisher' returned '0': CMAKE_PREFIX_PATH=${CMAKE_PREFIX_PATH}:/home/matt/create3_examples_ws/install/create3_teleop:/home/matt/create3_examples_ws/install/create3_examples_py /usr/bin/cmake --build /home/matt/CSC212-Roomba-Project/build/path_publisher -- -j10 -l10
[5.163s] Invoking command in '/home/matt/CSC212-Roomba-Project/build/path_publisher': CMAKE_PREFIX_PATH=${CMAKE_PREFIX_PATH}:/home/matt/create3_examples_ws/install/create3_teleop:/home/matt/create3_examples_ws/install/create3_examples_py /usr/bin/cmake --install /home/matt/CSC212-Roomba-Project/build/path_publisher
[5.165s] -- Install configuration: ""
[5.165s] -- Installing: /home/matt/CSC212-Roomba-Project/install/path_publisher/lib/path_publisher/path_publisher
[5.167s] -- Set runtime path of "/home/matt/CSC212-Roomba-Project/install/path_publisher/lib/path_publisher/path_publisher" to ""
[5.167s] -- Installing: /home/matt/CSC212-Roomba-Project/install/path_publisher/share/ament_index/resource_index/package_run_dependencies/path_publisher
[5.167s] -- Installing: /home/matt/CSC212-Roomba-Project/install/path_publisher/share/ament_index/resource_index/parent_prefix_path/path_publisher
[5.167s] -- Installing: /home/matt/CSC212-Roomba-Project/install/path_publisher/share/path_publisher/environment/ament_prefix_path.sh
[5.167s] -- Installing: /home/matt/CSC212-Roomba-Project/install/path_publisher/share/path_publisher/environment/ament_prefix_path.dsv
[5.167s] -- Installing: /home/matt/CSC212-Roomba-Project/install/path_publisher/share/path_publisher/environment/path.sh
[5.167s] -- Installing: /home/matt/CSC212-Roomba-Project/install/path_publisher/share/path_publisher/environment/path.dsv
[5.167s] -- Installing: /home/matt/CSC212-Roomba-Project/install/path_publisher/share/path_publisher/local_setup.bash
[5.167s] -- Installing: /home/matt/CSC212-Roomba-Project/install/path_publisher/share/path_publisher/local_setup.sh
[5.167s] -- Installing: /home/matt/CSC212-Roomba-Project/install/path_publisher/share/path_publisher/local_setup.zsh
[5.167s] -- Installing: /home/matt/CSC212-Roomba-Project/install/path_publisher/share/path_publisher/local_setup.dsv
[5.167s] -- Installing: /home/matt/CSC212-Roomba-Project/install/path_publisher/share/path_publisher/package.dsv
[5.167s] -- Installing: /home/matt/CSC212-Roomba-Project/install/path_publisher/share/ament_index/resource_index/packages/path_publisher
[5.167s] -- Installing: /home/matt/CSC212-Roomba-Project/install/path_publisher/share/path_publisher/cmake/path_publisherConfig.cmake
[5.167s] -- Installing: /home/matt/CSC212-Roomba-Project/install/path_publisher/share/path_publisher/cmake/path_publisherConfig-version.cmake
[5.167s] -- Installing: /home/matt/CSC212-Roomba-Project/install/path_publisher/share/path_publisher/package.xml
[5.168s] Invoked command in '/home/matt/CSC212-Roomba-Project/build/path_publisher' returned '0': CMAKE_PREFIX_PATH=${CMAKE_PREFIX_PATH}:/home/matt/create3_examples_ws/install/create3_teleop:/home/matt/create3_examples_ws/install/create3_examples_py /usr/bin/cmake --install /home/matt/CSC212-Roomba-Project/build/path_publisher
