[0.006s] Invoking command in '/home/matt/robot_ws/build/path_publisher': CMAKE_PREFIX_PATH=${CMAKE_PREFIX_PATH}:/home/matt/create3_examples_ws/install/create3_teleop:/home/matt/create3_examples_ws/install/create3_examples_py /usr/bin/cmake /home/matt/robot_ws/src/path_publisher -DCMAKE_INSTALL_PREFIX=/home/matt/robot_ws/install/path_publisher
[0.033s] -- The C compiler identification is GNU 11.4.0
[0.054s] -- The CXX compiler identification is GNU 11.4.0
[0.058s] -- Detecting C compiler ABI info
[0.084s] -- Detecting C compiler ABI info - done
[0.087s] -- Check for working C compiler: /usr/bin/cc - skipped
[0.087s] -- Detecting C compile features
[0.087s] -- Detecting C compile features - done
[0.089s] -- Detecting CXX compiler ABI info
[0.119s] -- Detecting CXX compiler ABI info - done
[0.124s] -- Check for working CXX compiler: /usr/bin/c++ - skipped
[0.124s] -- Detecting CXX compile features
[0.124s] -- Detecting CXX compile features - done
[0.125s] -- Found ament_cmake: 1.3.11 (/opt/ros/humble/share/ament_cmake/cmake)
[0.185s] -- Found Python3: /usr/bin/python3 (found version "3.10.12") found components: Interpreter 
[0.229s] -- Found rclcpp: 16.0.11 (/opt/ros/humble/share/rclcpp/cmake)
[0.251s] -- Found rosidl_generator_c: 3.1.6 (/opt/ros/humble/share/rosidl_generator_c/cmake)
[0.254s] -- Found rosidl_adapter: 3.1.6 (/opt/ros/humble/share/rosidl_adapter/cmake)
[0.258s] -- Found rosidl_generator_cpp: 3.1.6 (/opt/ros/humble/share/rosidl_generator_cpp/cmake)
[0.264s] -- Using all available rosidl_typesupport_c: rosidl_typesupport_fastrtps_c;rosidl_typesupport_introspection_c
[0.272s] -- Using all available rosidl_typesupport_cpp: rosidl_typesupport_fastrtps_cpp;rosidl_typesupport_introspection_cpp
[0.293s] -- Found rmw_implementation_cmake: 6.1.2 (/opt/ros/humble/share/rmw_implementation_cmake/cmake)
[0.296s] -- Found rmw_fastrtps_cpp: 6.2.7 (/opt/ros/humble/share/rmw_fastrtps_cpp/cmake)
[0.334s] -- Found OpenSSL: /usr/lib/aarch64-linux-gnu/libcrypto.so (found version "3.0.2")  
[0.349s] -- Found FastRTPS: /opt/ros/humble/include  
[0.369s] -- Using RMW implementation 'rmw_fastrtps_cpp' as default
[0.375s] -- Looking for pthread.h
[0.405s] -- Looking for pthread.h - found
[0.405s] -- Performing Test CMAKE_HAVE_LIBC_PTHREAD
[0.433s] -- Performing Test CMAKE_HAVE_LIBC_PTHREAD - Success
[0.433s] -- Found Threads: TRUE  
[0.458s] -- Found nav_msgs: 4.2.4 (/opt/ros/humble/share/nav_msgs/cmake)
[0.473s] -- Found rviz_visual_tools: 4.1.4 (/opt/ros/humble/share/rviz_visual_tools/cmake)
[0.531s] -- Setting assimp_DIR to: '/opt/ros/humble/share/rviz_assimp_vendor/cmake/../../../opt/rviz_assimp_vendor/lib/cmake/assimp-4.1'
[0.537s] -- Setting OGRE_DIR to: '/opt/ros/humble/share/rviz_ogre_vendor/cmake/../../../opt/rviz_ogre_vendor/lib/OGRE/cmake'
[0.537s] -- Found OGRE
[0.537s] --   static     : OFF
[0.537s] --   components : HLMS;MeshLodGenerator;Overlay;Paging;Property;RTShaderSystem;Terrain;Volume
[0.537s] --   plugins    : Plugin_BSPSceneManager;Plugin_OctreeSceneManager;Plugin_PCZSceneManager;Plugin_ParticleFX;RenderSystem_GL;RenderSystem_GL3Plus;Codec_STBI
[0.537s] --   media      : /opt/ros/humble/opt/rviz_ogre_vendor/share/OGRE/Media
[0.537s] -- OGRE_LIBRARIES: OgreHLMS;OgreMeshLodGenerator;OgreOverlay;OgrePaging;OgreProperty;OgreRTShaderSystem;OgreTerrain;OgreVolume;OgreMain
[0.537s] -- OGRE_LIBRARY_DIRS: /opt/ros/humble/opt/rviz_ogre_vendor/lib
[0.537s] -- OGRE_PLUGINS: Plugin_BSPSceneManager;Plugin_OctreeSceneManager;Plugin_PCZSceneManager;Plugin_ParticleFX;RenderSystem_GL;RenderSystem_GL3Plus;Codec_STBI
[0.537s] -- OGRE_PLUGIN_DIR: /opt/ros/humble/opt/rviz_ogre_vendor/lib/OGRE
[0.538s] -- rviz_ogre_vendor::OgreOverlay for IMPORTED_LOCATION_RELEASE: /opt/ros/humble/opt/rviz_ogre_vendor/lib/libOgreOverlay.so
[0.538s] -- rviz_ogre_vendor::OgreOverlay for IMPORTED_LOCATION_DEBUG: /opt/ros/humble/opt/rviz_ogre_vendor/lib/libOgreOverlay.so
[0.538s] -- rviz_ogre_vendor::OgreMain for IMPORTED_LOCATION_RELEASE: /opt/ros/humble/opt/rviz_ogre_vendor/lib/libOgreMain.so
[0.538s] -- rviz_ogre_vendor::OgreMain for IMPORTED_LOCATION_DEBUG: /opt/ros/humble/opt/rviz_ogre_vendor/lib/libOgreMain.so
[0.538s] -- Could not find freeimage library
[0.546s] -- Found ZLIB: /usr/lib/aarch64-linux-gnu/libz.so (found version "1.2.11") 
[0.548s] -- Found OpenGL: /usr/lib/aarch64-linux-gnu/libOpenGL.so   
[0.584s] -- Found X11: /usr/include   
[0.584s] -- Looking for XOpenDisplay in /usr/lib/aarch64-linux-gnu/libX11.so;/usr/lib/aarch64-linux-gnu/libXext.so
[0.612s] -- Looking for XOpenDisplay in /usr/lib/aarch64-linux-gnu/libX11.so;/usr/lib/aarch64-linux-gnu/libXext.so - found
[0.612s] -- Looking for gethostbyname
[0.639s] -- Looking for gethostbyname - found
[0.639s] -- Looking for connect
[0.665s] -- Looking for connect - found
[0.666s] -- Looking for remove
[0.693s] -- Looking for remove - found
[0.693s] -- Looking for shmat
[0.725s] -- Looking for shmat - found
[0.725s] -- Looking for IceConnectionNumber in ICE
[0.754s] -- Looking for IceConnectionNumber in ICE - found
[0.785s] -- library: /usr/lib/aarch64-linux-gnu/libcurl.so
[0.804s] -- Found Eigen3: TRUE (found version "3.4.0") 
[0.804s] -- Ensuring Eigen3 include directory is part of orocos-kdl CMake target
[0.879s] -- Found tf2_eigen: 0.25.12 (/opt/ros/humble/share/tf2_eigen/cmake)
[0.881s] -- Found ament_lint_auto: 0.12.11 (/opt/ros/humble/share/ament_lint_auto/cmake)
[0.920s] -- Added test 'cppcheck' to perform static code analysis on C / C++ code
[0.920s] -- Configured cppcheck include dirs: 
[0.920s] -- Configured cppcheck exclude dirs and/or files: 
[0.920s] -- Added test 'lint_cmake' to check CMake code style
[0.920s] -- Added test 'uncrustify' to check C / C++ code style
[0.920s] -- Configured uncrustify additional arguments: 
[0.921s] -- Added test 'xmllint' to check XML markup files
[0.922s] -- Configuring done
[0.935s] -- Generating done
[0.937s] -- Build files have been written to: /home/matt/robot_ws/build/path_publisher
[0.944s] Invoked command in '/home/matt/robot_ws/build/path_publisher' returned '0': CMAKE_PREFIX_PATH=${CMAKE_PREFIX_PATH}:/home/matt/create3_examples_ws/install/create3_teleop:/home/matt/create3_examples_ws/install/create3_examples_py /usr/bin/cmake /home/matt/robot_ws/src/path_publisher -DCMAKE_INSTALL_PREFIX=/home/matt/robot_ws/install/path_publisher
[0.945s] Invoking command in '/home/matt/robot_ws/build/path_publisher': CMAKE_PREFIX_PATH=${CMAKE_PREFIX_PATH}:/home/matt/create3_examples_ws/install/create3_teleop:/home/matt/create3_examples_ws/install/create3_examples_py /usr/bin/cmake --build /home/matt/robot_ws/build/path_publisher -- -j10 -l10
[0.963s] [35m[1mConsolidate compiler generated dependencies of target path_publisher[0m
[0.971s] [ 50%] [32mBuilding CXX object CMakeFiles/path_publisher.dir/src/path_publisher.cpp.o[0m
[4.448s] [100%] [32m[1mLinking CXX executable path_publisher[0m
[4.667s] [100%] Built target path_publisher
[4.672s] Invoked command in '/home/matt/robot_ws/build/path_publisher' returned '0': CMAKE_PREFIX_PATH=${CMAKE_PREFIX_PATH}:/home/matt/create3_examples_ws/install/create3_teleop:/home/matt/create3_examples_ws/install/create3_examples_py /usr/bin/cmake --build /home/matt/robot_ws/build/path_publisher -- -j10 -l10
[4.676s] Invoking command in '/home/matt/robot_ws/build/path_publisher': CMAKE_PREFIX_PATH=${CMAKE_PREFIX_PATH}:/home/matt/create3_examples_ws/install/create3_teleop:/home/matt/create3_examples_ws/install/create3_examples_py /usr/bin/cmake --install /home/matt/robot_ws/build/path_publisher
[4.678s] -- Install configuration: ""
[4.680s] -- Installing: /home/matt/robot_ws/install/path_publisher/lib/path_publisher/path_publisher
[4.681s] -- Set runtime path of "/home/matt/robot_ws/install/path_publisher/lib/path_publisher/path_publisher" to ""
[4.681s] -- Up-to-date: /home/matt/robot_ws/install/path_publisher/share/ament_index/resource_index/package_run_dependencies/path_publisher
[4.681s] -- Installing: /home/matt/robot_ws/install/path_publisher/share/ament_index/resource_index/parent_prefix_path/path_publisher
[4.681s] -- Up-to-date: /home/matt/robot_ws/install/path_publisher/share/path_publisher/environment/ament_prefix_path.sh
[4.681s] -- Installing: /home/matt/robot_ws/install/path_publisher/share/path_publisher/environment/ament_prefix_path.dsv
[4.682s] -- Up-to-date: /home/matt/robot_ws/install/path_publisher/share/path_publisher/environment/path.sh
[4.682s] -- Installing: /home/matt/robot_ws/install/path_publisher/share/path_publisher/environment/path.dsv
[4.682s] -- Up-to-date: /home/matt/robot_ws/install/path_publisher/share/path_publisher/local_setup.bash
[4.682s] -- Up-to-date: /home/matt/robot_ws/install/path_publisher/share/path_publisher/local_setup.sh
[4.682s] -- Up-to-date: /home/matt/robot_ws/install/path_publisher/share/path_publisher/local_setup.zsh
[4.682s] -- Installing: /home/matt/robot_ws/install/path_publisher/share/path_publisher/local_setup.dsv
[4.682s] -- Installing: /home/matt/robot_ws/install/path_publisher/share/path_publisher/package.dsv
[4.682s] -- Up-to-date: /home/matt/robot_ws/install/path_publisher/share/ament_index/resource_index/packages/path_publisher
[4.682s] -- Up-to-date: /home/matt/robot_ws/install/path_publisher/share/path_publisher/cmake/path_publisherConfig.cmake
[4.682s] -- Up-to-date: /home/matt/robot_ws/install/path_publisher/share/path_publisher/cmake/path_publisherConfig-version.cmake
[4.682s] -- Up-to-date: /home/matt/robot_ws/install/path_publisher/share/path_publisher/package.xml
[4.683s] Invoked command in '/home/matt/robot_ws/build/path_publisher' returned '0': CMAKE_PREFIX_PATH=${CMAKE_PREFIX_PATH}:/home/matt/create3_examples_ws/install/create3_teleop:/home/matt/create3_examples_ws/install/create3_examples_py /usr/bin/cmake --install /home/matt/robot_ws/build/path_publisher
