[01m[K/home/matt/robot_ws/src/path_publisher/src/path_publisher.cpp:[m[K In member function ‘[01m[Kvoid PathPublisher::odomCallback(nav_msgs::msg::Odometry_<std::allocator<void> >::SharedPtr)[m[K’:
[01m[K/home/matt/robot_ws/src/path_publisher/src/path_publisher.cpp:42:31:[m[K [01;31m[Kerror: [m[Kno matching function for call to ‘[01m[Krviz_visual_tools::RvizVisualTools::publishPath(std::vector<geometry_msgs::msg::PoseStamped_<std::allocator<void> > >&, rviz_visual_tools::Colors, rviz_visual_tools::Scales)[m[K’
   42 |     [01;31m[Kvisual_tools_->publishPath(path_, rviz_visual_tools::LIME_GREEN, rviz_visual_tools::SMALL)[m[K;
      |     [01;31m[K~~~~~~~~~~~~~~~~~~~~~~~~~~^~~~~~~~~~~~~~~~~~~~~~~~~~~~~~~~~~~~~~~~~~~~~~~~~~~~~~~~~~~~~~~~[m[K
In file included from [01m[K/home/matt/robot_ws/src/path_publisher/src/path_publisher.cpp:4[m[K:
[01m[K/opt/ros/humble/include/rviz_visual_tools/rviz_visual_tools.hpp:804:8:[m[K [01;36m[Knote: [m[Kcandidate: ‘[01m[Kbool rviz_visual_tools::RvizVisualTools::publishPath(const std::vector<geometry_msgs::msg::Pose_<std::allocator<void> >, std::allocator<geometry_msgs::msg::Pose_<std::allocator<void> > > >&, rviz_visual_tools::Colors, rviz_visual_tools::Scales, const string&)[m[K’
  804 |   bool [01;36m[KpublishPath[m[K(const std::vector<geometry_msgs::msg::Pose>& path, Colors color = RED,
      |        [01;36m[K^~~~~~~~~~~[m[K
[01m[K/opt/ros/humble/include/rviz_visual_tools/rviz_visual_tools.hpp:804:65:[m[K [01;36m[Knote: [m[K  no known conversion for argument 1 from ‘[01m[Kstd::vector<geometry_msgs::msg::PoseStamped_<std::allocator<void> > >[m[K’ to ‘[01m[Kconst std::vector<geometry_msgs::msg::Pose_<std::allocator<void> >, std::allocator<geometry_msgs::msg::Pose_<std::allocator<void> > > >&[m[K’
  804 | ol publishPath([01;36m[Kconst std::vector<geometry_msgs::msg::Pose>& path[m[K, Colors color = RED,
      |                [01;36m[K~~~~~~~~~~~~~~~~~~~~~~~~~~~~~~~~~~~~~~~~~~~~~^~~~[m[K

[01m[K/opt/ros/humble/include/rviz_visual_tools/rviz_visual_tools.hpp:806:8:[m[K [01;36m[Knote: [m[Kcandidate: ‘[01m[Kbool rviz_visual_tools::RvizVisualTools::publishPath(const std::vector<geometry_msgs::msg::Point_<std::allocator<void> >, std::allocator<geometry_msgs::msg::Point_<std::allocator<void> > > >&, rviz_visual_tools::Colors, rviz_visual_tools::Scales, const string&)[m[K’
  806 |   bool [01;36m[KpublishPath[m[K(const std::vector<geometry_msgs::msg::Point>& path, Colors color, Scales scale,
      |        [01;36m[K^~~~~~~~~~~[m[K
[01m[K/opt/ros/humble/include/rviz_visual_tools/rviz_visual_tools.hpp:806:66:[m[K [01;36m[Knote: [m[K  no known conversion for argument 1 from ‘[01m[Kstd::vector<geometry_msgs::msg::PoseStamped_<std::allocator<void> > >[m[K’ to ‘[01m[Kconst std::vector<geometry_msgs::msg::Point_<std::allocator<void> >, std::allocator<geometry_msgs::msg::Point_<std::allocator<void> > > >&[m[K’
  806 | l publishPath([01;36m[Kconst std::vector<geometry_msgs::msg::Point>& path[m[K, Colors color, Scales scale,
      |               [01;36m[K~~~~~~~~~~~~~~~~~~~~~~~~~~~~~~~~~~~~~~~~~~~~~~^~~~[m[K

[01m[K/opt/ros/humble/include/rviz_visual_tools/rviz_visual_tools.hpp:808:8:[m[K [01;36m[Knote: [m[Kcandidate: ‘[01m[Kbool rviz_visual_tools::RvizVisualTools::publishPath(const vector_Isometry3d&, rviz_visual_tools::Colors, rviz_visual_tools::Scales, const string&)[m[K’
  808 |   bool [01;36m[KpublishPath[m[K(const EigenSTL::vector_Isometry3d& path, Colors color, Scales scale,
      |        [01;36m[K^~~~~~~~~~~[m[K
[01m[K/opt/ros/humble/include/rviz_visual_tools/rviz_visual_tools.hpp:808:55:[m[K [01;36m[Knote: [m[K  no known conversion for argument 1 from ‘[01m[Kstd::vector<geometry_msgs::msg::PoseStamped_<std::allocator<void> > >[m[K’ to ‘[01m[Kconst vector_Isometry3d&[m[K’ {aka ‘[01m[Kconst std::vector<Eigen::Transform<double, 3, 1>, Eigen::aligned_allocator<Eigen::Transform<double, 3, 1> > >&[m[K’}
  808 |   bool publishPath([01;36m[Kconst EigenSTL::vector_Isometry3d& path[m[K, Colors color, Scales scale,
      |                    [01;36m[K~~~~~~~~~~~~~~~~~~~~~~~~~~~~~~~~~~~^~~~[m[K
[01m[K/opt/ros/humble/include/rviz_visual_tools/rviz_visual_tools.hpp:810:8:[m[K [01;36m[Knote: [m[Kcandidate: ‘[01m[Kbool rviz_visual_tools::RvizVisualTools::publishPath(const vector_Vector3d&, rviz_visual_tools::Colors, rviz_visual_tools::Scales, const string&)[m[K’
  810 |   bool [01;36m[KpublishPath[m[K(const EigenSTL::vector_Vector3d& path, Colors color, Scales scale,
      |        [01;36m[K^~~~~~~~~~~[m[K
[01m[K/opt/ros/humble/include/rviz_visual_tools/rviz_visual_tools.hpp:810:53:[m[K [01;36m[Knote: [m[K  no known conversion for argument 1 from ‘[01m[Kstd::vector<geometry_msgs::msg::PoseStamped_<std::allocator<void> > >[m[K’ to ‘[01m[Kconst vector_Vector3d&[m[K’ {aka ‘[01m[Kconst std::vector<Eigen::Matrix<double, 3, 1>, Eigen::aligned_allocator<Eigen::Matrix<double, 3, 1> > >&[m[K’}
  810 |   bool publishPath([01;36m[Kconst EigenSTL::vector_Vector3d& path[m[K, Colors color, Scales scale,
      |                    [01;36m[K~~~~~~~~~~~~~~~~~~~~~~~~~~~~~~~~~^~~~[m[K
[01m[K/opt/ros/humble/include/rviz_visual_tools/rviz_visual_tools.hpp:812:8:[m[K [01;36m[Knote: [m[Kcandidate: ‘[01m[Kbool rviz_visual_tools::RvizVisualTools::publishPath(const std::vector<geometry_msgs::msg::Point_<std::allocator<void> >, std::allocator<geometry_msgs::msg::Point_<std::allocator<void> > > >&, rviz_visual_tools::Colors, double, const string&)[m[K’
  812 |   bool [01;36m[KpublishPath[m[K(const std::vector<geometry_msgs::msg::Point>& path, Colors color = RED,
      |        [01;36m[K^~~~~~~~~~~[m[K
[01m[K/opt/ros/humble/include/rviz_visual_tools/rviz_visual_tools.hpp:812:66:[m[K [01;36m[Knote: [m[K  no known conversion for argument 1 from ‘[01m[Kstd::vector<geometry_msgs::msg::PoseStamped_<std::allocator<void> > >[m[K’ to ‘[01m[Kconst std::vector<geometry_msgs::msg::Point_<std::allocator<void> >, std::allocator<geometry_msgs::msg::Point_<std::allocator<void> > > >&[m[K’
  812 | l publishPath([01;36m[Kconst std::vector<geometry_msgs::msg::Point>& path[m[K, Colors color = RED,
      |               [01;36m[K~~~~~~~~~~~~~~~~~~~~~~~~~~~~~~~~~~~~~~~~~~~~~~^~~~[m[K

[01m[K/opt/ros/humble/include/rviz_visual_tools/rviz_visual_tools.hpp:814:8:[m[K [01;36m[Knote: [m[Kcandidate: ‘[01m[Kbool rviz_visual_tools::RvizVisualTools::publishPath(const vector_Vector3d&, rviz_visual_tools::Colors, double, const string&)[m[K’
  814 |   bool [01;36m[KpublishPath[m[K(const EigenSTL::vector_Vector3d& path, Colors color = RED, double radius = 0.01,
      |        [01;36m[K^~~~~~~~~~~[m[K
[01m[K/opt/ros/humble/include/rviz_visual_tools/rviz_visual_tools.hpp:814:53:[m[K [01;36m[Knote: [m[K  no known conversion for argument 1 from ‘[01m[Kstd::vector<geometry_msgs::msg::PoseStamped_<std::allocator<void> > >[m[K’ to ‘[01m[Kconst vector_Vector3d&[m[K’ {aka ‘[01m[Kconst std::vector<Eigen::Matrix<double, 3, 1>, Eigen::aligned_allocator<Eigen::Matrix<double, 3, 1> > >&[m[K’}
  814 |   bool publishPath([01;36m[Kconst EigenSTL::vector_Vector3d& path[m[K, Colors color = RED, double radius = 0.01,
      |                    [01;36m[K~~~~~~~~~~~~~~~~~~~~~~~~~~~~~~~~~^~~~[m[K
[01m[K/opt/ros/humble/include/rviz_visual_tools/rviz_visual_tools.hpp:816:8:[m[K [01;36m[Knote: [m[Kcandidate: ‘[01m[Kbool rviz_visual_tools::RvizVisualTools::publishPath(const vector_Isometry3d&, rviz_visual_tools::Colors, double, const string&)[m[K’
  816 |   bool [01;36m[KpublishPath[m[K(const EigenSTL::vector_Isometry3d& path, Colors color = RED,
      |        [01;36m[K^~~~~~~~~~~[m[K
[01m[K/opt/ros/humble/include/rviz_visual_tools/rviz_visual_tools.hpp:816:55:[m[K [01;36m[Knote: [m[K  no known conversion for argument 1 from ‘[01m[Kstd::vector<geometry_msgs::msg::PoseStamped_<std::allocator<void> > >[m[K’ to ‘[01m[Kconst vector_Isometry3d&[m[K’ {aka ‘[01m[Kconst std::vector<Eigen::Transform<double, 3, 1>, Eigen::aligned_allocator<Eigen::Transform<double, 3, 1> > >&[m[K’}
  816 |   bool publishPath([01;36m[Kconst EigenSTL::vector_Isometry3d& path[m[K, Colors color = RED,
      |                    [01;36m[K~~~~~~~~~~~~~~~~~~~~~~~~~~~~~~~~~~~^~~~[m[K
[01m[K/opt/ros/humble/include/rviz_visual_tools/rviz_visual_tools.hpp:828:8:[m[K [01;36m[Knote: [m[Kcandidate: ‘[01m[Kbool rviz_visual_tools::RvizVisualTools::publishPath(const vector_Vector3d&, const std::vector<rviz_visual_tools::Colors>&, double, const string&)[m[K’
  828 |   bool [01;36m[KpublishPath[m[K(const EigenSTL::vector_Vector3d& path, const std::vector<Colors>& colors,
      |        [01;36m[K^~~~~~~~~~~[m[K
[01m[K/opt/ros/humble/include/rviz_visual_tools/rviz_visual_tools.hpp:828:53:[m[K [01;36m[Knote: [m[K  no known conversion for argument 1 from ‘[01m[Kstd::vector<geometry_msgs::msg::PoseStamped_<std::allocator<void> > >[m[K’ to ‘[01m[Kconst vector_Vector3d&[m[K’ {aka ‘[01m[Kconst std::vector<Eigen::Matrix<double, 3, 1>, Eigen::aligned_allocator<Eigen::Matrix<double, 3, 1> > >&[m[K’}
  828 |   bool publishPath([01;36m[Kconst EigenSTL::vector_Vector3d& path[m[K, const std::vector<Colors>& colors,
      |                    [01;36m[K~~~~~~~~~~~~~~~~~~~~~~~~~~~~~~~~~^~~~[m[K
[01m[K/opt/ros/humble/include/rviz_visual_tools/rviz_visual_tools.hpp:831:8:[m[K [01;36m[Knote: [m[Kcandidate: ‘[01m[Kbool rviz_visual_tools::RvizVisualTools::publishPath(const vector_Vector3d&, const std::vector<std_msgs::msg::ColorRGBA_<std::allocator<void> >, std::allocator<std_msgs::msg::ColorRGBA_<std::allocator<void> > > >&, double, const string&)[m[K’
  831 |   bool [01;36m[KpublishPath[m[K(const EigenSTL::vector_Vector3d& path,
      |        [01;36m[K^~~~~~~~~~~[m[K
[01m[K/opt/ros/humble/include/rviz_visual_tools/rviz_visual_tools.hpp:831:53:[m[K [01;36m[Knote: [m[K  no known conversion for argument 1 from ‘[01m[Kstd::vector<geometry_msgs::msg::PoseStamped_<std::allocator<void> > >[m[K’ to ‘[01m[Kconst vector_Vector3d&[m[K’ {aka ‘[01m[Kconst std::vector<Eigen::Matrix<double, 3, 1>, Eigen::aligned_allocator<Eigen::Matrix<double, 3, 1> > >&[m[K’}
  831 |   bool publishPath([01;36m[Kconst EigenSTL::vector_Vector3d& path[m[K,
      |                    [01;36m[K~~~~~~~~~~~~~~~~~~~~~~~~~~~~~~~~~^~~~[m[K
gmake[2]: *** [CMakeFiles/path_publisher.dir/build.make:76: CMakeFiles/path_publisher.dir/src/path_publisher.cpp.o] Error 1
gmake[1]: *** [CMakeFiles/Makefile2:137: CMakeFiles/path_publisher.dir/all] Error 2
gmake: *** [Makefile:146: all] Error 2
