running egg_info
creating ../../build/map_path_saver/map_path_saver.egg-info
writing ../../build/map_path_saver/map_path_saver.egg-info/PKG-INFO
writing dependency_links to ../../build/map_path_saver/map_path_saver.egg-info/dependency_links.txt
writing entry points to ../../build/map_path_saver/map_path_saver.egg-info/entry_points.txt
writing requirements to ../../build/map_path_saver/map_path_saver.egg-info/requires.txt
writing top-level names to ../../build/map_path_saver/map_path_saver.egg-info/top_level.txt
writing manifest file '../../build/map_path_saver/map_path_saver.egg-info/SOURCES.txt'
reading manifest file '../../build/map_path_saver/map_path_saver.egg-info/SOURCES.txt'
writing manifest file '../../build/map_path_saver/map_path_saver.egg-info/SOURCES.txt'
running build
running build_py
creating /home/matt/robot_ws/build/map_path_saver/build
creating /home/matt/robot_ws/build/map_path_saver/build/lib
creating /home/matt/robot_ws/build/map_path_saver/build/lib/map_path_saver
copying map_path_saver/map_path_saver.py -> /home/matt/robot_ws/build/map_path_saver/build/lib/map_path_saver
copying map_path_saver/__init__.py -> /home/matt/robot_ws/build/map_path_saver/build/lib/map_path_saver
running install
running install_lib
creating /home/matt/robot_ws/install/map_path_saver/lib/python3.10/site-packages/map_path_saver
copying /home/matt/robot_ws/build/map_path_saver/build/lib/map_path_saver/map_path_saver.py -> /home/matt/robot_ws/install/map_path_saver/lib/python3.10/site-packages/map_path_saver
copying /home/matt/robot_ws/build/map_path_saver/build/lib/map_path_saver/__init__.py -> /home/matt/robot_ws/install/map_path_saver/lib/python3.10/site-packages/map_path_saver
byte-compiling /home/matt/robot_ws/install/map_path_saver/lib/python3.10/site-packages/map_path_saver/map_path_saver.py to map_path_saver.cpython-310.pyc
byte-compiling /home/matt/robot_ws/install/map_path_saver/lib/python3.10/site-packages/map_path_saver/__init__.py to __init__.cpython-310.pyc
running install_data
creating /home/matt/robot_ws/install/map_path_saver/share/ament_index
creating /home/matt/robot_ws/install/map_path_saver/share/ament_index/resource_index
creating /home/matt/robot_ws/install/map_path_saver/share/ament_index/resource_index/packages
copying resource/map_path_saver -> /home/matt/robot_ws/install/map_path_saver/share/ament_index/resource_index/packages
copying package.xml -> /home/matt/robot_ws/install/map_path_saver/share/map_path_saver
running install_egg_info
Copying ../../build/map_path_saver/map_path_saver.egg-info to /home/matt/robot_ws/install/map_path_saver/lib/python3.10/site-packages/map_path_saver-0.0.0-py3.10.egg-info
running install_scripts
Installing map_path_saver script to /home/matt/robot_ws/install/map_path_saver/lib/map_path_saver
writing list of installed files to '/home/matt/robot_ws/build/map_path_saver/install.log'
