[0.338s] Invoking command in '/home/matt/robot_ws/src/map_path_saver': PYTHONPATH=/home/matt/robot_ws/build/map_path_saver/prefix_override:/usr/lib/python3/dist-packages/colcon_core/task/python/colcon_distutils_commands:/home/matt/robot_ws/install/map_path_saver/lib/python3.10/site-packages:${PYTHONPATH} /usr/bin/python3 -W ignore:setup.py install is deprecated -W ignore:easy_install command is deprecated setup.py egg_info --egg-base ../../build/map_path_saver build --build-base /home/matt/robot_ws/build/map_path_saver/build install --record /home/matt/robot_ws/build/map_path_saver/install.log --single-version-externally-managed install_data
[0.427s] running egg_info
[0.427s] creating ../../build/map_path_saver/map_path_saver.egg-info
[0.427s] writing ../../build/map_path_saver/map_path_saver.egg-info/PKG-INFO
[0.427s] writing dependency_links to ../../build/map_path_saver/map_path_saver.egg-info/dependency_links.txt
[0.427s] writing entry points to ../../build/map_path_saver/map_path_saver.egg-info/entry_points.txt
[0.427s] writing requirements to ../../build/map_path_saver/map_path_saver.egg-info/requires.txt
[0.427s] writing top-level names to ../../build/map_path_saver/map_path_saver.egg-info/top_level.txt
[0.427s] writing manifest file '../../build/map_path_saver/map_path_saver.egg-info/SOURCES.txt'
[0.428s] reading manifest file '../../build/map_path_saver/map_path_saver.egg-info/SOURCES.txt'
[0.428s] writing manifest file '../../build/map_path_saver/map_path_saver.egg-info/SOURCES.txt'
[0.428s] running build
[0.428s] running build_py
[0.428s] creating /home/matt/robot_ws/build/map_path_saver/build
[0.428s] creating /home/matt/robot_ws/build/map_path_saver/build/lib
[0.428s] creating /home/matt/robot_ws/build/map_path_saver/build/lib/map_path_saver
[0.428s] copying map_path_saver/map_path_saver.py -> /home/matt/robot_ws/build/map_path_saver/build/lib/map_path_saver
[0.428s] copying map_path_saver/__init__.py -> /home/matt/robot_ws/build/map_path_saver/build/lib/map_path_saver
[0.428s] running install
[0.429s] running install_lib
[0.429s] creating /home/matt/robot_ws/install/map_path_saver/lib/python3.10/site-packages/map_path_saver
[0.429s] copying /home/matt/robot_ws/build/map_path_saver/build/lib/map_path_saver/map_path_saver.py -> /home/matt/robot_ws/install/map_path_saver/lib/python3.10/site-packages/map_path_saver
[0.429s] copying /home/matt/robot_ws/build/map_path_saver/build/lib/map_path_saver/__init__.py -> /home/matt/robot_ws/install/map_path_saver/lib/python3.10/site-packages/map_path_saver
[0.429s] byte-compiling /home/matt/robot_ws/install/map_path_saver/lib/python3.10/site-packages/map_path_saver/map_path_saver.py to map_path_saver.cpython-310.pyc
[0.430s] byte-compiling /home/matt/robot_ws/install/map_path_saver/lib/python3.10/site-packages/map_path_saver/__init__.py to __init__.cpython-310.pyc
[0.430s] running install_data
[0.430s] creating /home/matt/robot_ws/install/map_path_saver/share/ament_index
[0.430s] creating /home/matt/robot_ws/install/map_path_saver/share/ament_index/resource_index
[0.430s] creating /home/matt/robot_ws/install/map_path_saver/share/ament_index/resource_index/packages
[0.430s] copying resource/map_path_saver -> /home/matt/robot_ws/install/map_path_saver/share/ament_index/resource_index/packages
[0.430s] copying package.xml -> /home/matt/robot_ws/install/map_path_saver/share/map_path_saver
[0.430s] running install_egg_info
[0.431s] Copying ../../build/map_path_saver/map_path_saver.egg-info to /home/matt/robot_ws/install/map_path_saver/lib/python3.10/site-packages/map_path_saver-0.0.0-py3.10.egg-info
[0.431s] running install_scripts
[0.440s] Installing map_path_saver script to /home/matt/robot_ws/install/map_path_saver/lib/map_path_saver
[0.440s] writing list of installed files to '/home/matt/robot_ws/build/map_path_saver/install.log'
[0.450s] Invoked command in '/home/matt/robot_ws/src/map_path_saver' returned '0': PYTHONPATH=/home/matt/robot_ws/build/map_path_saver/prefix_override:/usr/lib/python3/dist-packages/colcon_core/task/python/colcon_distutils_commands:/home/matt/robot_ws/install/map_path_saver/lib/python3.10/site-packages:${PYTHONPATH} /usr/bin/python3 -W ignore:setup.py install is deprecated -W ignore:easy_install command is deprecated setup.py egg_info --egg-base ../../build/map_path_saver build --build-base /home/matt/robot_ws/build/map_path_saver/build install --record /home/matt/robot_ws/build/map_path_saver/install.log --single-version-externally-managed install_data
