running egg_info
creating ../build/create3_mapper/create3_mapper.egg-info
writing ../build/create3_mapper/create3_mapper.egg-info/PKG-INFO
writing dependency_links to ../build/create3_mapper/create3_mapper.egg-info/dependency_links.txt
writing entry points to ../build/create3_mapper/create3_mapper.egg-info/entry_points.txt
writing requirements to ../build/create3_mapper/create3_mapper.egg-info/requires.txt
writing top-level names to ../build/create3_mapper/create3_mapper.egg-info/top_level.txt
writing manifest file '../build/create3_mapper/create3_mapper.egg-info/SOURCES.txt'
reading manifest file '../build/create3_mapper/create3_mapper.egg-info/SOURCES.txt'
writing manifest file '../build/create3_mapper/create3_mapper.egg-info/SOURCES.txt'
running build
running build_py
creating /home/matt/CSC212-Roomba-Project/robot_ws/src/build/create3_mapper/build
creating /home/matt/CSC212-Roomba-Project/robot_ws/src/build/create3_mapper/build/lib
creating /home/matt/CSC212-Roomba-Project/robot_ws/src/build/create3_mapper/build/lib/create3_mapper
copying create3_mapper/create3_mapper.py -> /home/matt/CSC212-Roomba-Project/robot_ws/src/build/create3_mapper/build/lib/create3_mapper
copying create3_mapper/__init__.py -> /home/matt/CSC212-Roomba-Project/robot_ws/src/build/create3_mapper/build/lib/create3_mapper
running install
running install_lib
creating /home/matt/CSC212-Roomba-Project/robot_ws/src/install/create3_mapper/lib/python3.10/site-packages/create3_mapper
copying /home/matt/CSC212-Roomba-Project/robot_ws/src/build/create3_mapper/build/lib/create3_mapper/create3_mapper.py -> /home/matt/CSC212-Roomba-Project/robot_ws/src/install/create3_mapper/lib/python3.10/site-packages/create3_mapper
copying /home/matt/CSC212-Roomba-Project/robot_ws/src/build/create3_mapper/build/lib/create3_mapper/__init__.py -> /home/matt/CSC212-Roomba-Project/robot_ws/src/install/create3_mapper/lib/python3.10/site-packages/create3_mapper
byte-compiling /home/matt/CSC212-Roomba-Project/robot_ws/src/install/create3_mapper/lib/python3.10/site-packages/create3_mapper/create3_mapper.py to create3_mapper.cpython-310.pyc
byte-compiling /home/matt/CSC212-Roomba-Project/robot_ws/src/install/create3_mapper/lib/python3.10/site-packages/create3_mapper/__init__.py to __init__.cpython-310.pyc
running install_data
copying package.xml -> /home/matt/CSC212-Roomba-Project/robot_ws/src/install/create3_mapper/share/create3_mapper
creating /home/matt/CSC212-Roomba-Project/robot_ws/src/install/create3_mapper/share/create3_mapper/launch
copying launch/rviz_launch.py -> /home/matt/CSC212-Roomba-Project/robot_ws/src/install/create3_mapper/share/create3_mapper/launch
creating /home/matt/CSC212-Roomba-Project/robot_ws/src/install/create3_mapper/share/create3_mapper/rviz
copying rviz/create3_mapper.rviz -> /home/matt/CSC212-Roomba-Project/robot_ws/src/install/create3_mapper/share/create3_mapper/rviz
running install_egg_info
Copying ../build/create3_mapper/create3_mapper.egg-info to /home/matt/CSC212-Roomba-Project/robot_ws/src/install/create3_mapper/lib/python3.10/site-packages/create3_mapper-0.0.1-py3.10.egg-info
running install_scripts
Installing create3_mapper script to /home/matt/CSC212-Roomba-Project/robot_ws/src/install/create3_mapper/lib/create3_mapper
writing list of installed files to '/home/matt/CSC212-Roomba-Project/robot_ws/src/build/create3_mapper/install.log'
