[0.046s] DEBUG:colcon:Command line arguments: ['/usr/bin/colcon', 'build', '--packages-select', 'path_publisher', '--cmake-clean-cache']
[0.046s] DEBUG:colcon:Parsed command line arguments: Namespace(log_base=None, log_level=None, verb_name='build', build_base='build', install_base='install', merge_install=False, symlink_install=False, test_result_base=None, continue_on_error=False, executor='parallel', parallel_workers=10, event_handlers=None, ignore_user_meta=False, metas=['./colcon.meta'], base_paths=['.'], packages_ignore=None, packages_ignore_regex=None, paths=None, packages_up_to=None, packages_up_to_regex=None, packages_above=None, packages_above_and_dependencies=None, packages_above_depth=None, packages_select_by_dep=None, packages_skip_by_dep=None, packages_skip_up_to=None, packages_select_build_failed=False, packages_skip_build_finished=False, packages_select_test_failures=False, packages_skip_test_passed=False, packages_select=['path_publisher'], packages_skip=None, packages_select_regex=None, packages_skip_regex=None, packages_start=None, packages_end=None, allow_overriding=[], cmake_args=None, cmake_target=None, cmake_target_skip_unavailable=False, cmake_clean_cache=True, cmake_clean_first=False, cmake_force_configure=False, ament_cmake_args=None, catkin_cmake_args=None, catkin_skip_building_tests=False, mixin_files=None, mixin=None, verb_parser=<colcon_mixin.mixin.mixin_argument.MixinArgumentDecorator object at 0xffffab5131c0>, verb_extension=<colcon_core.verb.build.BuildVerb object at 0xffffab4d0d00>, main=<bound method BuildVerb.main of <colcon_core.verb.build.BuildVerb object at 0xffffab4d0d00>>, mixin_verb=('build',))
[0.108s] Level 1:colcon.colcon_core.package_discovery:discover_packages(colcon_meta) check parameters
[0.108s] Level 1:colcon.colcon_core.package_discovery:discover_packages(recursive) check parameters
[0.108s] Level 1:colcon.colcon_core.package_discovery:discover_packages(ignore) check parameters
[0.108s] Level 1:colcon.colcon_core.package_discovery:discover_packages(path) check parameters
[0.108s] Level 1:colcon.colcon_core.package_discovery:discover_packages(colcon_meta) discover
[0.108s] Level 1:colcon.colcon_core.package_discovery:discover_packages(recursive) discover
[0.108s] INFO:colcon.colcon_core.package_discovery:Crawling recursively for packages in '/home/matt/robot_ws'
[0.108s] Level 1:colcon.colcon_core.package_identification:_identify(.) by extensions ['ignore', 'ignore_ament_install']
[0.108s] Level 1:colcon.colcon_core.package_identification:_identify(.) by extension 'ignore'
[0.108s] Level 1:colcon.colcon_core.package_identification:_identify(.) by extension 'ignore_ament_install'
[0.108s] Level 1:colcon.colcon_core.package_identification:_identify(.) by extensions ['colcon_pkg']
[0.108s] Level 1:colcon.colcon_core.package_identification:_identify(.) by extension 'colcon_pkg'
[0.108s] Level 1:colcon.colcon_core.package_identification:_identify(.) by extensions ['colcon_meta']
[0.108s] Level 1:colcon.colcon_core.package_identification:_identify(.) by extension 'colcon_meta'
[0.108s] Level 1:colcon.colcon_core.package_identification:_identify(.) by extensions ['ros']
[0.108s] Level 1:colcon.colcon_core.package_identification:_identify(.) by extension 'ros'
[0.112s] Level 1:colcon.colcon_core.package_identification:_identify(.) by extensions ['cmake', 'python']
[0.112s] Level 1:colcon.colcon_core.package_identification:_identify(.) by extension 'cmake'
[0.112s] Level 1:colcon.colcon_core.package_identification:_identify(.) by extension 'python'
[0.112s] Level 1:colcon.colcon_core.package_identification:_identify(.) by extensions ['python_setup_py']
[0.112s] Level 1:colcon.colcon_core.package_identification:_identify(.) by extension 'python_setup_py'
[0.112s] Level 1:colcon.colcon_core.package_identification:_identify(build) by extensions ['ignore', 'ignore_ament_install']
[0.112s] Level 1:colcon.colcon_core.package_identification:_identify(build) by extension 'ignore'
[0.112s] Level 1:colcon.colcon_core.package_identification:_identify(build) ignored
[0.112s] Level 1:colcon.colcon_core.package_identification:_identify(install) by extensions ['ignore', 'ignore_ament_install']
[0.112s] Level 1:colcon.colcon_core.package_identification:_identify(install) by extension 'ignore'
[0.112s] Level 1:colcon.colcon_core.package_identification:_identify(install) ignored
[0.112s] Level 1:colcon.colcon_core.package_identification:_identify(log) by extensions ['ignore', 'ignore_ament_install']
[0.112s] Level 1:colcon.colcon_core.package_identification:_identify(log) by extension 'ignore'
[0.112s] Level 1:colcon.colcon_core.package_identification:_identify(log) ignored
[0.112s] Level 1:colcon.colcon_core.package_identification:_identify(maps) by extensions ['ignore', 'ignore_ament_install']
[0.112s] Level 1:colcon.colcon_core.package_identification:_identify(maps) by extension 'ignore'
[0.112s] Level 1:colcon.colcon_core.package_identification:_identify(maps) by extension 'ignore_ament_install'
[0.112s] Level 1:colcon.colcon_core.package_identification:_identify(maps) by extensions ['colcon_pkg']
[0.112s] Level 1:colcon.colcon_core.package_identification:_identify(maps) by extension 'colcon_pkg'
[0.112s] Level 1:colcon.colcon_core.package_identification:_identify(maps) by extensions ['colcon_meta']
[0.112s] Level 1:colcon.colcon_core.package_identification:_identify(maps) by extension 'colcon_meta'
[0.112s] Level 1:colcon.colcon_core.package_identification:_identify(maps) by extensions ['ros']
[0.112s] Level 1:colcon.colcon_core.package_identification:_identify(maps) by extension 'ros'
[0.112s] Level 1:colcon.colcon_core.package_identification:_identify(maps) by extensions ['cmake', 'python']
[0.112s] Level 1:colcon.colcon_core.package_identification:_identify(maps) by extension 'cmake'
[0.112s] Level 1:colcon.colcon_core.package_identification:_identify(maps) by extension 'python'
[0.112s] Level 1:colcon.colcon_core.package_identification:_identify(maps) by extensions ['python_setup_py']
[0.112s] Level 1:colcon.colcon_core.package_identification:_identify(maps) by extension 'python_setup_py'
[0.112s] Level 1:colcon.colcon_core.package_identification:_identify(rosbags) by extensions ['ignore', 'ignore_ament_install']
[0.112s] Level 1:colcon.colcon_core.package_identification:_identify(rosbags) by extension 'ignore'
[0.112s] Level 1:colcon.colcon_core.package_identification:_identify(rosbags) by extension 'ignore_ament_install'
[0.112s] Level 1:colcon.colcon_core.package_identification:_identify(rosbags) by extensions ['colcon_pkg']
[0.112s] Level 1:colcon.colcon_core.package_identification:_identify(rosbags) by extension 'colcon_pkg'
[0.112s] Level 1:colcon.colcon_core.package_identification:_identify(rosbags) by extensions ['colcon_meta']
[0.112s] Level 1:colcon.colcon_core.package_identification:_identify(rosbags) by extension 'colcon_meta'
[0.112s] Level 1:colcon.colcon_core.package_identification:_identify(rosbags) by extensions ['ros']
[0.112s] Level 1:colcon.colcon_core.package_identification:_identify(rosbags) by extension 'ros'
[0.112s] Level 1:colcon.colcon_core.package_identification:_identify(rosbags) by extensions ['cmake', 'python']
[0.112s] Level 1:colcon.colcon_core.package_identification:_identify(rosbags) by extension 'cmake'
[0.112s] Level 1:colcon.colcon_core.package_identification:_identify(rosbags) by extension 'python'
[0.112s] Level 1:colcon.colcon_core.package_identification:_identify(rosbags) by extensions ['python_setup_py']
[0.112s] Level 1:colcon.colcon_core.package_identification:_identify(rosbags) by extension 'python_setup_py'
[0.112s] Level 1:colcon.colcon_core.package_identification:_identify(src) by extensions ['ignore', 'ignore_ament_install']
[0.112s] Level 1:colcon.colcon_core.package_identification:_identify(src) by extension 'ignore'
[0.113s] Level 1:colcon.colcon_core.package_identification:_identify(src) by extension 'ignore_ament_install'
[0.113s] Level 1:colcon.colcon_core.package_identification:_identify(src) by extensions ['colcon_pkg']
[0.113s] Level 1:colcon.colcon_core.package_identification:_identify(src) by extension 'colcon_pkg'
[0.113s] Level 1:colcon.colcon_core.package_identification:_identify(src) by extensions ['colcon_meta']
[0.113s] Level 1:colcon.colcon_core.package_identification:_identify(src) by extension 'colcon_meta'
[0.113s] Level 1:colcon.colcon_core.package_identification:_identify(src) by extensions ['ros']
[0.113s] Level 1:colcon.colcon_core.package_identification:_identify(src) by extension 'ros'
[0.113s] Level 1:colcon.colcon_core.package_identification:_identify(src) by extensions ['cmake', 'python']
[0.113s] Level 1:colcon.colcon_core.package_identification:_identify(src) by extension 'cmake'
[0.113s] Level 1:colcon.colcon_core.package_identification:_identify(src) by extension 'python'
[0.113s] Level 1:colcon.colcon_core.package_identification:_identify(src) by extensions ['python_setup_py']
[0.113s] Level 1:colcon.colcon_core.package_identification:_identify(src) by extension 'python_setup_py'
[0.113s] Level 1:colcon.colcon_core.package_identification:_identify(src/map_path_saver) by extensions ['ignore', 'ignore_ament_install']
[0.113s] Level 1:colcon.colcon_core.package_identification:_identify(src/map_path_saver) by extension 'ignore'
[0.113s] Level 1:colcon.colcon_core.package_identification:_identify(src/map_path_saver) by extension 'ignore_ament_install'
[0.113s] Level 1:colcon.colcon_core.package_identification:_identify(src/map_path_saver) by extensions ['colcon_pkg']
[0.113s] Level 1:colcon.colcon_core.package_identification:_identify(src/map_path_saver) by extension 'colcon_pkg'
[0.113s] Level 1:colcon.colcon_core.package_identification:_identify(src/map_path_saver) by extensions ['colcon_meta']
[0.113s] Level 1:colcon.colcon_core.package_identification:_identify(src/map_path_saver) by extension 'colcon_meta'
[0.113s] Level 1:colcon.colcon_core.package_identification:_identify(src/map_path_saver) by extensions ['ros']
[0.113s] Level 1:colcon.colcon_core.package_identification:_identify(src/map_path_saver) by extension 'ros'
[0.114s] DEBUG:colcon.colcon_core.package_identification:Package 'src/map_path_saver' with type 'ros.ament_python' and name 'map_path_saver'
[0.114s] Level 1:colcon.colcon_core.package_identification:_identify(src/path_publisher) by extensions ['ignore', 'ignore_ament_install']
[0.114s] Level 1:colcon.colcon_core.package_identification:_identify(src/path_publisher) by extension 'ignore'
[0.114s] Level 1:colcon.colcon_core.package_identification:_identify(src/path_publisher) by extension 'ignore_ament_install'
[0.114s] Level 1:colcon.colcon_core.package_identification:_identify(src/path_publisher) by extensions ['colcon_pkg']
[0.114s] Level 1:colcon.colcon_core.package_identification:_identify(src/path_publisher) by extension 'colcon_pkg'
[0.114s] Level 1:colcon.colcon_core.package_identification:_identify(src/path_publisher) by extensions ['colcon_meta']
[0.114s] Level 1:colcon.colcon_core.package_identification:_identify(src/path_publisher) by extension 'colcon_meta'
[0.114s] Level 1:colcon.colcon_core.package_identification:_identify(src/path_publisher) by extensions ['ros']
[0.114s] Level 1:colcon.colcon_core.package_identification:_identify(src/path_publisher) by extension 'ros'
[0.114s] DEBUG:colcon.colcon_core.package_identification:Package 'src/path_publisher' with type 'ros.ament_cmake' and name 'path_publisher'
[0.114s] Level 1:colcon.colcon_core.package_discovery:discover_packages(recursive) using defaults
[0.114s] Level 1:colcon.colcon_core.package_discovery:discover_packages(ignore) discover
[0.114s] Level 1:colcon.colcon_core.package_discovery:discover_packages(ignore) using defaults
[0.114s] Level 1:colcon.colcon_core.package_discovery:discover_packages(path) discover
[0.114s] Level 1:colcon.colcon_core.package_discovery:discover_packages(path) using defaults
[0.125s] INFO:colcon.colcon_core.package_selection:Skipping not selected package 'map_path_saver' in 'src/map_path_saver'
[0.125s] Level 1:colcon.colcon_core.package_discovery:discover_packages(prefix_path) check parameters
[0.125s] Level 1:colcon.colcon_core.package_discovery:discover_packages(prefix_path) discover
[0.126s] DEBUG:colcon.colcon_installed_package_information.package_discovery:Found 19 installed packages in /home/matt/create3_examples_ws/install
[0.126s] DEBUG:colcon.colcon_installed_package_information.package_discovery:Found 2 installed packages in /home/matt/robot_ws/install
[0.127s] DEBUG:colcon.colcon_installed_package_information.package_discovery:Found 370 installed packages in /opt/ros/humble
[0.127s] Level 1:colcon.colcon_core.package_discovery:discover_packages(prefix_path) using defaults
[0.145s] Level 5:colcon.colcon_core.verb:set package 'path_publisher' build argument 'cmake_args' from command line to 'None'
[0.145s] Level 5:colcon.colcon_core.verb:set package 'path_publisher' build argument 'cmake_target' from command line to 'None'
[0.145s] Level 5:colcon.colcon_core.verb:set package 'path_publisher' build argument 'cmake_target_skip_unavailable' from command line to 'False'
[0.145s] Level 5:colcon.colcon_core.verb:set package 'path_publisher' build argument 'cmake_clean_cache' from command line to 'True'
[0.145s] Level 5:colcon.colcon_core.verb:set package 'path_publisher' build argument 'cmake_clean_first' from command line to 'False'
[0.145s] Level 5:colcon.colcon_core.verb:set package 'path_publisher' build argument 'cmake_force_configure' from command line to 'False'
[0.145s] Level 5:colcon.colcon_core.verb:set package 'path_publisher' build argument 'ament_cmake_args' from command line to 'None'
[0.145s] Level 5:colcon.colcon_core.verb:set package 'path_publisher' build argument 'catkin_cmake_args' from command line to 'None'
[0.145s] Level 5:colcon.colcon_core.verb:set package 'path_publisher' build argument 'catkin_skip_building_tests' from command line to 'False'
[0.145s] DEBUG:colcon.colcon_core.verb:Building package 'path_publisher' with the following arguments: {'ament_cmake_args': None, 'build_base': '/home/matt/robot_ws/build/path_publisher', 'catkin_cmake_args': None, 'catkin_skip_building_tests': False, 'cmake_args': None, 'cmake_clean_cache': True, 'cmake_clean_first': False, 'cmake_force_configure': False, 'cmake_target': None, 'cmake_target_skip_unavailable': False, 'install_base': '/home/matt/robot_ws/install/path_publisher', 'merge_install': False, 'path': '/home/matt/robot_ws/src/path_publisher', 'symlink_install': False, 'test_result_base': None}
[0.145s] INFO:colcon.colcon_core.executor:Executing jobs using 'parallel' executor
[0.146s] DEBUG:colcon.colcon_parallel_executor.executor.parallel:run_until_complete
[0.146s] INFO:colcon.colcon_ros.task.ament_cmake.build:Building ROS package in '/home/matt/robot_ws/src/path_publisher' with build type 'ament_cmake'
[0.146s] INFO:colcon.colcon_cmake.task.cmake.build:Building CMake package in '/home/matt/robot_ws/src/path_publisher'
[0.147s] INFO:colcon.colcon_core.plugin_system:Skipping extension 'colcon_core.shell.bat': Not used on non-Windows systems
[0.147s] INFO:colcon.colcon_core.shell:Skip shell extension 'powershell' for command environment: Not usable outside of PowerShell
[0.147s] DEBUG:colcon.colcon_core.shell:Skip shell extension 'dsv' for command environment
[0.151s] DEBUG:colcon.colcon_core.event_handler.log_command:Invoking command in '/home/matt/robot_ws/build/path_publisher': CMAKE_PREFIX_PATH=${CMAKE_PREFIX_PATH}:/home/matt/robot_ws/install/map_path_saver:/home/matt/create3_examples_ws/install/create3_teleop:/home/matt/create3_examples_ws/install/create3_examples_py /usr/bin/cmake /home/matt/robot_ws/src/path_publisher -DCMAKE_INSTALL_PREFIX=/home/matt/robot_ws/install/path_publisher
[1.062s] DEBUG:colcon.colcon_core.event_handler.log_command:Invoked command in '/home/matt/robot_ws/build/path_publisher' returned '0': CMAKE_PREFIX_PATH=${CMAKE_PREFIX_PATH}:/home/matt/robot_ws/install/map_path_saver:/home/matt/create3_examples_ws/install/create3_teleop:/home/matt/create3_examples_ws/install/create3_examples_py /usr/bin/cmake /home/matt/robot_ws/src/path_publisher -DCMAKE_INSTALL_PREFIX=/home/matt/robot_ws/install/path_publisher
[1.063s] DEBUG:colcon.colcon_core.event_handler.log_command:Invoking command in '/home/matt/robot_ws/build/path_publisher': CMAKE_PREFIX_PATH=${CMAKE_PREFIX_PATH}:/home/matt/robot_ws/install/map_path_saver:/home/matt/create3_examples_ws/install/create3_teleop:/home/matt/create3_examples_ws/install/create3_examples_py /usr/bin/cmake --build /home/matt/robot_ws/build/path_publisher -- -j10 -l10
[4.995s] DEBUG:colcon.colcon_core.event_handler.log_command:Invoked command in '/home/matt/robot_ws/build/path_publisher' returned '0': CMAKE_PREFIX_PATH=${CMAKE_PREFIX_PATH}:/home/matt/robot_ws/install/map_path_saver:/home/matt/create3_examples_ws/install/create3_teleop:/home/matt/create3_examples_ws/install/create3_examples_py /usr/bin/cmake --build /home/matt/robot_ws/build/path_publisher -- -j10 -l10
[4.999s] DEBUG:colcon.colcon_core.event_handler.log_command:Invoking command in '/home/matt/robot_ws/build/path_publisher': CMAKE_PREFIX_PATH=${CMAKE_PREFIX_PATH}:/home/matt/robot_ws/install/map_path_saver:/home/matt/create3_examples_ws/install/create3_teleop:/home/matt/create3_examples_ws/install/create3_examples_py /usr/bin/cmake --install /home/matt/robot_ws/build/path_publisher
[5.006s] Level 1:colcon.colcon_core.environment:create_environment_scripts_only(path_publisher)
[5.006s] DEBUG:colcon.colcon_core.event_handler.log_command:Invoked command in '/home/matt/robot_ws/build/path_publisher' returned '0': CMAKE_PREFIX_PATH=${CMAKE_PREFIX_PATH}:/home/matt/robot_ws/install/map_path_saver:/home/matt/create3_examples_ws/install/create3_teleop:/home/matt/create3_examples_ws/install/create3_examples_py /usr/bin/cmake --install /home/matt/robot_ws/build/path_publisher
[5.008s] Level 1:colcon.colcon_core.environment:checking '/home/matt/robot_ws/install/path_publisher' for CMake module files
[5.008s] Level 1:colcon.colcon_core.environment:checking '/home/matt/robot_ws/install/path_publisher' for CMake config files
[5.008s] Level 1:colcon.colcon_core.shell:create_environment_hook('path_publisher', 'cmake_prefix_path')
[5.008s] INFO:colcon.colcon_core.shell:Creating environment hook '/home/matt/robot_ws/install/path_publisher/share/path_publisher/hook/cmake_prefix_path.ps1'
[5.008s] INFO:colcon.colcon_core.shell:Creating environment descriptor '/home/matt/robot_ws/install/path_publisher/share/path_publisher/hook/cmake_prefix_path.dsv'
[5.008s] INFO:colcon.colcon_core.shell:Creating environment hook '/home/matt/robot_ws/install/path_publisher/share/path_publisher/hook/cmake_prefix_path.sh'
[5.009s] Level 1:colcon.colcon_core.environment:checking '/home/matt/robot_ws/install/path_publisher/lib'
[5.009s] Level 1:colcon.colcon_core.environment:checking '/home/matt/robot_ws/install/path_publisher/bin'
[5.009s] Level 1:colcon.colcon_core.environment:checking '/home/matt/robot_ws/install/path_publisher/lib/pkgconfig/path_publisher.pc'
[5.009s] Level 1:colcon.colcon_core.environment:checking '/home/matt/robot_ws/install/path_publisher/lib/python3.10/site-packages'
[5.009s] Level 1:colcon.colcon_core.environment:checking '/home/matt/robot_ws/install/path_publisher/bin'
[5.009s] INFO:colcon.colcon_core.shell:Creating package script '/home/matt/robot_ws/install/path_publisher/share/path_publisher/package.ps1'
[5.010s] INFO:colcon.colcon_core.shell:Creating package descriptor '/home/matt/robot_ws/install/path_publisher/share/path_publisher/package.dsv'
[5.010s] INFO:colcon.colcon_core.shell:Creating package script '/home/matt/robot_ws/install/path_publisher/share/path_publisher/package.sh'
[5.010s] INFO:colcon.colcon_core.shell:Creating package script '/home/matt/robot_ws/install/path_publisher/share/path_publisher/package.bash'
[5.010s] INFO:colcon.colcon_core.shell:Creating package script '/home/matt/robot_ws/install/path_publisher/share/path_publisher/package.zsh'
[5.011s] Level 1:colcon.colcon_core.environment:create_file_with_runtime_dependencies(/home/matt/robot_ws/install/path_publisher/share/colcon-core/packages/path_publisher)
[5.011s] Level 1:colcon.colcon_core.environment:create_environment_scripts_only(path_publisher)
[5.011s] Level 1:colcon.colcon_core.environment:checking '/home/matt/robot_ws/install/path_publisher' for CMake module files
[5.011s] Level 1:colcon.colcon_core.environment:checking '/home/matt/robot_ws/install/path_publisher' for CMake config files
[5.011s] Level 1:colcon.colcon_core.shell:create_environment_hook('path_publisher', 'cmake_prefix_path')
[5.011s] INFO:colcon.colcon_core.shell:Creating environment hook '/home/matt/robot_ws/install/path_publisher/share/path_publisher/hook/cmake_prefix_path.ps1'
[5.011s] INFO:colcon.colcon_core.shell:Creating environment descriptor '/home/matt/robot_ws/install/path_publisher/share/path_publisher/hook/cmake_prefix_path.dsv'
[5.012s] INFO:colcon.colcon_core.shell:Creating environment hook '/home/matt/robot_ws/install/path_publisher/share/path_publisher/hook/cmake_prefix_path.sh'
[5.012s] Level 1:colcon.colcon_core.environment:checking '/home/matt/robot_ws/install/path_publisher/lib'
[5.012s] Level 1:colcon.colcon_core.environment:checking '/home/matt/robot_ws/install/path_publisher/bin'
[5.012s] Level 1:colcon.colcon_core.environment:checking '/home/matt/robot_ws/install/path_publisher/lib/pkgconfig/path_publisher.pc'
[5.012s] Level 1:colcon.colcon_core.environment:checking '/home/matt/robot_ws/install/path_publisher/lib/python3.10/site-packages'
[5.012s] Level 1:colcon.colcon_core.environment:checking '/home/matt/robot_ws/install/path_publisher/bin'
[5.012s] INFO:colcon.colcon_core.shell:Creating package script '/home/matt/robot_ws/install/path_publisher/share/path_publisher/package.ps1'
[5.013s] INFO:colcon.colcon_core.shell:Creating package descriptor '/home/matt/robot_ws/install/path_publisher/share/path_publisher/package.dsv'
[5.013s] INFO:colcon.colcon_core.shell:Creating package script '/home/matt/robot_ws/install/path_publisher/share/path_publisher/package.sh'
[5.013s] INFO:colcon.colcon_core.shell:Creating package script '/home/matt/robot_ws/install/path_publisher/share/path_publisher/package.bash'
[5.013s] INFO:colcon.colcon_core.shell:Creating package script '/home/matt/robot_ws/install/path_publisher/share/path_publisher/package.zsh'
[5.014s] Level 1:colcon.colcon_core.environment:create_file_with_runtime_dependencies(/home/matt/robot_ws/install/path_publisher/share/colcon-core/packages/path_publisher)
[5.014s] DEBUG:colcon.colcon_parallel_executor.executor.parallel:closing loop
[5.014s] DEBUG:colcon.colcon_parallel_executor.executor.parallel:loop closed
[5.014s] DEBUG:colcon.colcon_parallel_executor.executor.parallel:run_until_complete finished with '0'
[5.014s] DEBUG:colcon.colcon_core.event_reactor:joining thread
[5.018s] INFO:colcon.colcon_core.plugin_system:Skipping extension 'colcon_notification.desktop_notification.terminal_notifier': Not used on non-Darwin systems
[5.018s] INFO:colcon.colcon_core.plugin_system:Skipping extension 'colcon_notification.desktop_notification.win32': Not used on non-Windows systems
[5.018s] INFO:colcon.colcon_notification.desktop_notification:Sending desktop notification using 'notify2'
[5.026s] DEBUG:colcon.colcon_core.event_reactor:joined thread
[5.026s] INFO:colcon.colcon_core.shell:Creating prefix script '/home/matt/robot_ws/install/local_setup.ps1'
[5.026s] INFO:colcon.colcon_core.shell:Creating prefix util module '/home/matt/robot_ws/install/_local_setup_util_ps1.py'
[5.027s] INFO:colcon.colcon_core.shell:Creating prefix chain script '/home/matt/robot_ws/install/setup.ps1'
[5.028s] INFO:colcon.colcon_core.shell:Creating prefix script '/home/matt/robot_ws/install/local_setup.sh'
[5.028s] INFO:colcon.colcon_core.shell:Creating prefix util module '/home/matt/robot_ws/install/_local_setup_util_sh.py'
[5.028s] INFO:colcon.colcon_core.shell:Creating prefix chain script '/home/matt/robot_ws/install/setup.sh'
[5.029s] INFO:colcon.colcon_core.shell:Creating prefix script '/home/matt/robot_ws/install/local_setup.bash'
[5.029s] INFO:colcon.colcon_core.shell:Creating prefix chain script '/home/matt/robot_ws/install/setup.bash'
[5.030s] INFO:colcon.colcon_core.shell:Creating prefix script '/home/matt/robot_ws/install/local_setup.zsh'
[5.030s] INFO:colcon.colcon_core.shell:Creating prefix chain script '/home/matt/robot_ws/install/setup.zsh'
