[0.005s] Invoking command in '/home/matt/robot_ws/build/path_publisher': CMAKE_PREFIX_PATH=${CMAKE_PREFIX_PATH}:/home/matt/create3_examples_ws/install/create3_teleop:/home/matt/create3_examples_ws/install/create3_examples_py /usr/bin/cmake /home/matt/robot_ws/src/path_publisher -DCMAKE_INSTALL_PREFIX=/home/matt/robot_ws/install/path_publisher
[0.025s] -- The C compiler identification is GNU 11.4.0
[0.046s] -- The CXX compiler identification is GNU 11.4.0
[0.049s] -- Detecting C compiler ABI info
[0.074s] -- Detecting C compiler ABI info - done
[0.077s] -- Check for working C compiler: /usr/bin/cc - skipped
[0.077s] -- Detecting C compile features
[0.077s] -- Detecting C compile features - done
[0.078s] -- Detecting CXX compiler ABI info
[0.108s] -- Detecting CXX compiler ABI info - done
[0.112s] -- Check for working CXX compiler: /usr/bin/c++ - skipped
[0.112s] -- Detecting CXX compile features
[0.112s] -- Detecting CXX compile features - done
[0.114s] -- Found ament_cmake: 1.3.11 (/opt/ros/humble/share/ament_cmake/cmake)
[0.175s] -- Found Python3: /usr/bin/python3 (found version "3.10.12") found components: Interpreter 
[0.215s] -- Found rclcpp: 16.0.11 (/opt/ros/humble/share/rclcpp/cmake)
[0.238s] -- Found rosidl_generator_c: 3.1.6 (/opt/ros/humble/share/rosidl_generator_c/cmake)
[0.240s] -- Found rosidl_adapter: 3.1.6 (/opt/ros/humble/share/rosidl_adapter/cmake)
[0.244s] -- Found rosidl_generator_cpp: 3.1.6 (/opt/ros/humble/share/rosidl_generator_cpp/cmake)
[0.250s] -- Using all available rosidl_typesupport_c: rosidl_typesupport_fastrtps_c;rosidl_typesupport_introspection_c
[0.258s] -- Using all available rosidl_typesupport_cpp: rosidl_typesupport_fastrtps_cpp;rosidl_typesupport_introspection_cpp
[0.278s] -- Found rmw_implementation_cmake: 6.1.2 (/opt/ros/humble/share/rmw_implementation_cmake/cmake)
[0.280s] -- Found rmw_fastrtps_cpp: 6.2.7 (/opt/ros/humble/share/rmw_fastrtps_cpp/cmake)
[0.317s] -- Found OpenSSL: /usr/lib/aarch64-linux-gnu/libcrypto.so (found version "3.0.2")  
[0.330s] -- Found FastRTPS: /opt/ros/humble/include  
[0.350s] -- Using RMW implementation 'rmw_fastrtps_cpp' as default
[0.354s] -- Looking for pthread.h
[0.380s] -- Looking for pthread.h - found
[0.380s] -- Performing Test CMAKE_HAVE_LIBC_PTHREAD
[0.407s] -- Performing Test CMAKE_HAVE_LIBC_PTHREAD - Success
[0.408s] -- Found Threads: TRUE  
[0.431s] -- Found nav_msgs: 4.2.4 (/opt/ros/humble/share/nav_msgs/cmake)
[0.445s] -- Found rviz_visual_tools: 4.1.4 (/opt/ros/humble/share/rviz_visual_tools/cmake)
[0.501s] -- Setting assimp_DIR to: '/opt/ros/humble/share/rviz_assimp_vendor/cmake/../../../opt/rviz_assimp_vendor/lib/cmake/assimp-4.1'
[0.505s] -- Setting OGRE_DIR to: '/opt/ros/humble/share/rviz_ogre_vendor/cmake/../../../opt/rviz_ogre_vendor/lib/OGRE/cmake'
[0.506s] -- Found OGRE
[0.506s] --   static     : OFF
[0.506s] --   components : HLMS;MeshLodGenerator;Overlay;Paging;Property;RTShaderSystem;Terrain;Volume
[0.506s] --   plugins    : Plugin_BSPSceneManager;Plugin_OctreeSceneManager;Plugin_PCZSceneManager;Plugin_ParticleFX;RenderSystem_GL;RenderSystem_GL3Plus;Codec_STBI
[0.506s] --   media      : /opt/ros/humble/opt/rviz_ogre_vendor/share/OGRE/Media
[0.506s] -- OGRE_LIBRARIES: OgreHLMS;OgreMeshLodGenerator;OgreOverlay;OgrePaging;OgreProperty;OgreRTShaderSystem;OgreTerrain;OgreVolume;OgreMain
[0.506s] -- OGRE_LIBRARY_DIRS: /opt/ros/humble/opt/rviz_ogre_vendor/lib
[0.506s] -- OGRE_PLUGINS: Plugin_BSPSceneManager;Plugin_OctreeSceneManager;Plugin_PCZSceneManager;Plugin_ParticleFX;RenderSystem_GL;RenderSystem_GL3Plus;Codec_STBI
[0.506s] -- OGRE_PLUGIN_DIR: /opt/ros/humble/opt/rviz_ogre_vendor/lib/OGRE
[0.506s] -- rviz_ogre_vendor::OgreOverlay for IMPORTED_LOCATION_RELEASE: /opt/ros/humble/opt/rviz_ogre_vendor/lib/libOgreOverlay.so
[0.506s] -- rviz_ogre_vendor::OgreOverlay for IMPORTED_LOCATION_DEBUG: /opt/ros/humble/opt/rviz_ogre_vendor/lib/libOgreOverlay.so
[0.506s] -- rviz_ogre_vendor::OgreMain for IMPORTED_LOCATION_RELEASE: /opt/ros/humble/opt/rviz_ogre_vendor/lib/libOgreMain.so
[0.506s] -- rviz_ogre_vendor::OgreMain for IMPORTED_LOCATION_DEBUG: /opt/ros/humble/opt/rviz_ogre_vendor/lib/libOgreMain.so
[0.506s] -- Could not find freeimage library
[0.515s] -- Found ZLIB: /usr/lib/aarch64-linux-gnu/libz.so (found version "1.2.11") 
[0.517s] -- Found OpenGL: /usr/lib/aarch64-linux-gnu/libOpenGL.so   
[0.551s] -- Found X11: /usr/include   
[0.551s] -- Looking for XOpenDisplay in /usr/lib/aarch64-linux-gnu/libX11.so;/usr/lib/aarch64-linux-gnu/libXext.so
[0.577s] -- Looking for XOpenDisplay in /usr/lib/aarch64-linux-gnu/libX11.so;/usr/lib/aarch64-linux-gnu/libXext.so - found
[0.577s] -- Looking for gethostbyname
[0.605s] -- Looking for gethostbyname - found
[0.605s] -- Looking for connect
[0.632s] -- Looking for connect - found
[0.632s] -- Looking for remove
[0.659s] -- Looking for remove - found
[0.659s] -- Looking for shmat
[0.683s] -- Looking for shmat - found
[0.684s] -- Looking for IceConnectionNumber in ICE
[0.714s] -- Looking for IceConnectionNumber in ICE - found
[0.744s] -- library: /usr/lib/aarch64-linux-gnu/libcurl.so
[0.763s] -- Found Eigen3: TRUE (found version "3.4.0") 
[0.763s] -- Ensuring Eigen3 include directory is part of orocos-kdl CMake target
[0.835s] -- Found tf2_eigen: 0.25.12 (/opt/ros/humble/share/tf2_eigen/cmake)
[0.837s] -- Found ament_lint_auto: 0.12.11 (/opt/ros/humble/share/ament_lint_auto/cmake)
[0.873s] -- Added test 'cppcheck' to perform static code analysis on C / C++ code
[0.873s] -- Configured cppcheck include dirs: 
[0.873s] -- Configured cppcheck exclude dirs and/or files: 
[0.873s] -- Added test 'lint_cmake' to check CMake code style
[0.874s] -- Added test 'uncrustify' to check C / C++ code style
[0.874s] -- Configured uncrustify additional arguments: 
[0.874s] -- Added test 'xmllint' to check XML markup files
[0.874s] -- Configuring done
[0.884s] -- Generating done
[0.887s] -- Build files have been written to: /home/matt/robot_ws/build/path_publisher
[0.893s] Invoked command in '/home/matt/robot_ws/build/path_publisher' returned '0': CMAKE_PREFIX_PATH=${CMAKE_PREFIX_PATH}:/home/matt/create3_examples_ws/install/create3_teleop:/home/matt/create3_examples_ws/install/create3_examples_py /usr/bin/cmake /home/matt/robot_ws/src/path_publisher -DCMAKE_INSTALL_PREFIX=/home/matt/robot_ws/install/path_publisher
[0.894s] Invoking command in '/home/matt/robot_ws/build/path_publisher': CMAKE_PREFIX_PATH=${CMAKE_PREFIX_PATH}:/home/matt/create3_examples_ws/install/create3_teleop:/home/matt/create3_examples_ws/install/create3_examples_py /usr/bin/cmake --build /home/matt/robot_ws/build/path_publisher -- -j10 -l10
[0.909s] [35m[1mConsolidate compiler generated dependencies of target path_publisher[0m
[0.917s] [ 50%] [32mBuilding CXX object CMakeFiles/path_publisher.dir/src/path_publisher.cpp.o[0m
[4.201s] [100%] [32m[1mLinking CXX executable path_publisher[0m
[4.422s] [100%] Built target path_publisher
[4.426s] Invoked command in '/home/matt/robot_ws/build/path_publisher' returned '0': CMAKE_PREFIX_PATH=${CMAKE_PREFIX_PATH}:/home/matt/create3_examples_ws/install/create3_teleop:/home/matt/create3_examples_ws/install/create3_examples_py /usr/bin/cmake --build /home/matt/robot_ws/build/path_publisher -- -j10 -l10
[4.429s] Invoking command in '/home/matt/robot_ws/build/path_publisher': CMAKE_PREFIX_PATH=${CMAKE_PREFIX_PATH}:/home/matt/create3_examples_ws/install/create3_teleop:/home/matt/create3_examples_ws/install/create3_examples_py /usr/bin/cmake --install /home/matt/robot_ws/build/path_publisher
[4.431s] -- Install configuration: ""
[4.431s] -- Installing: /home/matt/robot_ws/install/path_publisher/lib/path_publisher/path_publisher
[4.432s] -- Set runtime path of "/home/matt/robot_ws/install/path_publisher/lib/path_publisher/path_publisher" to ""
[4.432s] -- Up-to-date: /home/matt/robot_ws/install/path_publisher/share/ament_index/resource_index/package_run_dependencies/path_publisher
[4.432s] -- Installing: /home/matt/robot_ws/install/path_publisher/share/ament_index/resource_index/parent_prefix_path/path_publisher
[4.433s] -- Up-to-date: /home/matt/robot_ws/install/path_publisher/share/path_publisher/environment/ament_prefix_path.sh
[4.433s] -- Installing: /home/matt/robot_ws/install/path_publisher/share/path_publisher/environment/ament_prefix_path.dsv
[4.433s] -- Up-to-date: /home/matt/robot_ws/install/path_publisher/share/path_publisher/environment/path.sh
[4.433s] -- Installing: /home/matt/robot_ws/install/path_publisher/share/path_publisher/environment/path.dsv
[4.433s] -- Up-to-date: /home/matt/robot_ws/install/path_publisher/share/path_publisher/local_setup.bash
[4.433s] -- Up-to-date: /home/matt/robot_ws/install/path_publisher/share/path_publisher/local_setup.sh
[4.433s] -- Up-to-date: /home/matt/robot_ws/install/path_publisher/share/path_publisher/local_setup.zsh
[4.433s] -- Installing: /home/matt/robot_ws/install/path_publisher/share/path_publisher/local_setup.dsv
[4.433s] -- Installing: /home/matt/robot_ws/install/path_publisher/share/path_publisher/package.dsv
[4.433s] -- Up-to-date: /home/matt/robot_ws/install/path_publisher/share/ament_index/resource_index/packages/path_publisher
[4.433s] -- Up-to-date: /home/matt/robot_ws/install/path_publisher/share/path_publisher/cmake/path_publisherConfig.cmake
[4.433s] -- Up-to-date: /home/matt/robot_ws/install/path_publisher/share/path_publisher/cmake/path_publisherConfig-version.cmake
[4.433s] -- Up-to-date: /home/matt/robot_ws/install/path_publisher/share/path_publisher/package.xml
[4.434s] Invoked command in '/home/matt/robot_ws/build/path_publisher' returned '0': CMAKE_PREFIX_PATH=${CMAKE_PREFIX_PATH}:/home/matt/create3_examples_ws/install/create3_teleop:/home/matt/create3_examples_ws/install/create3_examples_py /usr/bin/cmake --install /home/matt/robot_ws/build/path_publisher
