[0.047s] DEBUG:colcon:Command line arguments: ['/usr/bin/colcon', 'build', '--packages-select', 'create3_mapper']
[0.047s] DEBUG:colcon:Parsed command line arguments: Namespace(log_base=None, log_level=None, verb_name='build', build_base='build', install_base='install', merge_install=False, symlink_install=False, test_result_base=None, continue_on_error=False, executor='parallel', parallel_workers=10, event_handlers=None, ignore_user_meta=False, metas=['./colcon.meta'], base_paths=['.'], packages_ignore=None, packages_ignore_regex=None, paths=None, packages_up_to=None, packages_up_to_regex=None, packages_above=None, packages_above_and_dependencies=None, packages_above_depth=None, packages_select_by_dep=None, packages_skip_by_dep=None, packages_skip_up_to=None, packages_select_build_failed=False, packages_skip_build_finished=False, packages_select_test_failures=False, packages_skip_test_passed=False, packages_select=['create3_mapper'], packages_skip=None, packages_select_regex=None, packages_skip_regex=None, packages_start=None, packages_end=None, allow_overriding=[], cmake_args=None, cmake_target=None, cmake_target_skip_unavailable=False, cmake_clean_cache=False, cmake_clean_first=False, cmake_force_configure=False, ament_cmake_args=None, catkin_cmake_args=None, catkin_skip_building_tests=False, mixin_files=None, mixin=None, verb_parser=<colcon_mixin.mixin.mixin_argument.MixinArgumentDecorator object at 0xebb2472140a0>, verb_extension=<colcon_core.verb.build.BuildVerb object at 0xebb2473ccfa0>, main=<bound method BuildVerb.main of <colcon_core.verb.build.BuildVerb object at 0xebb2473ccfa0>>, mixin_verb=('build',))
[0.108s] Level 1:colcon.colcon_core.package_discovery:discover_packages(colcon_meta) check parameters
[0.108s] Level 1:colcon.colcon_core.package_discovery:discover_packages(recursive) check parameters
[0.108s] Level 1:colcon.colcon_core.package_discovery:discover_packages(ignore) check parameters
[0.108s] Level 1:colcon.colcon_core.package_discovery:discover_packages(path) check parameters
[0.108s] Level 1:colcon.colcon_core.package_discovery:discover_packages(colcon_meta) discover
[0.108s] Level 1:colcon.colcon_core.package_discovery:discover_packages(recursive) discover
[0.108s] INFO:colcon.colcon_core.package_discovery:Crawling recursively for packages in '/home/matt/CSC212-Roomba-Project/robot_ws/src'
[0.108s] Level 1:colcon.colcon_core.package_identification:_identify(.) by extensions ['ignore', 'ignore_ament_install']
[0.108s] Level 1:colcon.colcon_core.package_identification:_identify(.) by extension 'ignore'
[0.108s] Level 1:colcon.colcon_core.package_identification:_identify(.) by extension 'ignore_ament_install'
[0.108s] Level 1:colcon.colcon_core.package_identification:_identify(.) by extensions ['colcon_pkg']
[0.108s] Level 1:colcon.colcon_core.package_identification:_identify(.) by extension 'colcon_pkg'
[0.108s] Level 1:colcon.colcon_core.package_identification:_identify(.) by extensions ['colcon_meta']
[0.108s] Level 1:colcon.colcon_core.package_identification:_identify(.) by extension 'colcon_meta'
[0.108s] Level 1:colcon.colcon_core.package_identification:_identify(.) by extensions ['ros']
[0.108s] Level 1:colcon.colcon_core.package_identification:_identify(.) by extension 'ros'
[0.116s] Level 1:colcon.colcon_core.package_identification:_identify(.) by extensions ['cmake', 'python']
[0.116s] Level 1:colcon.colcon_core.package_identification:_identify(.) by extension 'cmake'
[0.116s] Level 1:colcon.colcon_core.package_identification:_identify(.) by extension 'python'
[0.116s] Level 1:colcon.colcon_core.package_identification:_identify(.) by extensions ['python_setup_py']
[0.116s] Level 1:colcon.colcon_core.package_identification:_identify(.) by extension 'python_setup_py'
[0.116s] Level 1:colcon.colcon_core.package_identification:_identify(build) by extensions ['ignore', 'ignore_ament_install']
[0.116s] Level 1:colcon.colcon_core.package_identification:_identify(build) by extension 'ignore'
[0.116s] Level 1:colcon.colcon_core.package_identification:_identify(build) ignored
[0.116s] Level 1:colcon.colcon_core.package_identification:_identify(create3_mapper) by extensions ['ignore', 'ignore_ament_install']
[0.116s] Level 1:colcon.colcon_core.package_identification:_identify(create3_mapper) by extension 'ignore'
[0.116s] Level 1:colcon.colcon_core.package_identification:_identify(create3_mapper) by extension 'ignore_ament_install'
[0.117s] Level 1:colcon.colcon_core.package_identification:_identify(create3_mapper) by extensions ['colcon_pkg']
[0.117s] Level 1:colcon.colcon_core.package_identification:_identify(create3_mapper) by extension 'colcon_pkg'
[0.117s] Level 1:colcon.colcon_core.package_identification:_identify(create3_mapper) by extensions ['colcon_meta']
[0.117s] Level 1:colcon.colcon_core.package_identification:_identify(create3_mapper) by extension 'colcon_meta'
[0.117s] Level 1:colcon.colcon_core.package_identification:_identify(create3_mapper) by extensions ['ros']
[0.117s] Level 1:colcon.colcon_core.package_identification:_identify(create3_mapper) by extension 'ros'
[0.118s] DEBUG:colcon.colcon_core.package_identification:Package 'create3_mapper' with type 'ros.ament_python' and name 'create3_mapper'
[0.118s] Level 1:colcon.colcon_core.package_identification:_identify(install) by extensions ['ignore', 'ignore_ament_install']
[0.118s] Level 1:colcon.colcon_core.package_identification:_identify(install) by extension 'ignore'
[0.118s] Level 1:colcon.colcon_core.package_identification:_identify(install) ignored
[0.118s] Level 1:colcon.colcon_core.package_identification:_identify(log) by extensions ['ignore', 'ignore_ament_install']
[0.118s] Level 1:colcon.colcon_core.package_identification:_identify(log) by extension 'ignore'
[0.118s] Level 1:colcon.colcon_core.package_identification:_identify(log) ignored
[0.118s] Level 1:colcon.colcon_core.package_identification:_identify(map_path_saver) by extensions ['ignore', 'ignore_ament_install']
[0.118s] Level 1:colcon.colcon_core.package_identification:_identify(map_path_saver) by extension 'ignore'
[0.118s] Level 1:colcon.colcon_core.package_identification:_identify(map_path_saver) by extension 'ignore_ament_install'
[0.118s] Level 1:colcon.colcon_core.package_identification:_identify(map_path_saver) by extensions ['colcon_pkg']
[0.118s] Level 1:colcon.colcon_core.package_identification:_identify(map_path_saver) by extension 'colcon_pkg'
[0.118s] Level 1:colcon.colcon_core.package_identification:_identify(map_path_saver) by extensions ['colcon_meta']
[0.118s] Level 1:colcon.colcon_core.package_identification:_identify(map_path_saver) by extension 'colcon_meta'
[0.118s] Level 1:colcon.colcon_core.package_identification:_identify(map_path_saver) by extensions ['ros']
[0.118s] Level 1:colcon.colcon_core.package_identification:_identify(map_path_saver) by extension 'ros'
[0.119s] DEBUG:colcon.colcon_core.package_identification:Package 'map_path_saver' with type 'ros.ament_python' and name 'map_path_saver'
[0.119s] Level 1:colcon.colcon_core.package_identification:_identify(path_publisher) by extensions ['ignore', 'ignore_ament_install']
[0.119s] Level 1:colcon.colcon_core.package_identification:_identify(path_publisher) by extension 'ignore'
[0.119s] Level 1:colcon.colcon_core.package_identification:_identify(path_publisher) by extension 'ignore_ament_install'
[0.119s] Level 1:colcon.colcon_core.package_identification:_identify(path_publisher) by extensions ['colcon_pkg']
[0.119s] Level 1:colcon.colcon_core.package_identification:_identify(path_publisher) by extension 'colcon_pkg'
[0.119s] Level 1:colcon.colcon_core.package_identification:_identify(path_publisher) by extensions ['colcon_meta']
[0.119s] Level 1:colcon.colcon_core.package_identification:_identify(path_publisher) by extension 'colcon_meta'
[0.119s] Level 1:colcon.colcon_core.package_identification:_identify(path_publisher) by extensions ['ros']
[0.119s] Level 1:colcon.colcon_core.package_identification:_identify(path_publisher) by extension 'ros'
[0.120s] DEBUG:colcon.colcon_core.package_identification:Package 'path_publisher' with type 'ros.ament_cmake' and name 'path_publisher'
[0.120s] Level 1:colcon.colcon_core.package_discovery:discover_packages(recursive) using defaults
[0.120s] Level 1:colcon.colcon_core.package_discovery:discover_packages(ignore) discover
[0.120s] Level 1:colcon.colcon_core.package_discovery:discover_packages(ignore) using defaults
[0.120s] Level 1:colcon.colcon_core.package_discovery:discover_packages(path) discover
[0.120s] Level 1:colcon.colcon_core.package_discovery:discover_packages(path) using defaults
[0.128s] INFO:colcon.colcon_core.package_selection:Skipping not selected package 'map_path_saver' in 'map_path_saver'
[0.128s] INFO:colcon.colcon_core.package_selection:Skipping not selected package 'path_publisher' in 'path_publisher'
[0.128s] Level 1:colcon.colcon_core.package_discovery:discover_packages(prefix_path) check parameters
[0.128s] Level 1:colcon.colcon_core.package_discovery:discover_packages(prefix_path) discover
[0.129s] DEBUG:colcon.colcon_installed_package_information.package_discovery:Found 1 installed packages in /home/matt/roomba_ws/src/install
[0.129s] DEBUG:colcon.colcon_installed_package_information.package_discovery:Found 19 installed packages in /home/matt/create3_examples_ws/install
[0.129s] DEBUG:colcon.colcon_installed_package_information.package_discovery:Found 396 installed packages in /opt/ros/humble
[0.130s] Level 1:colcon.colcon_core.package_discovery:discover_packages(prefix_path) using defaults
[0.149s] Level 5:colcon.colcon_core.verb:set package 'create3_mapper' build argument 'cmake_args' from command line to 'None'
[0.149s] Level 5:colcon.colcon_core.verb:set package 'create3_mapper' build argument 'cmake_target' from command line to 'None'
[0.149s] Level 5:colcon.colcon_core.verb:set package 'create3_mapper' build argument 'cmake_target_skip_unavailable' from command line to 'False'
[0.149s] Level 5:colcon.colcon_core.verb:set package 'create3_mapper' build argument 'cmake_clean_cache' from command line to 'False'
[0.149s] Level 5:colcon.colcon_core.verb:set package 'create3_mapper' build argument 'cmake_clean_first' from command line to 'False'
[0.149s] Level 5:colcon.colcon_core.verb:set package 'create3_mapper' build argument 'cmake_force_configure' from command line to 'False'
[0.149s] Level 5:colcon.colcon_core.verb:set package 'create3_mapper' build argument 'ament_cmake_args' from command line to 'None'
[0.149s] Level 5:colcon.colcon_core.verb:set package 'create3_mapper' build argument 'catkin_cmake_args' from command line to 'None'
[0.149s] Level 5:colcon.colcon_core.verb:set package 'create3_mapper' build argument 'catkin_skip_building_tests' from command line to 'False'
[0.149s] DEBUG:colcon.colcon_core.verb:Building package 'create3_mapper' with the following arguments: {'ament_cmake_args': None, 'build_base': '/home/matt/CSC212-Roomba-Project/robot_ws/src/build/create3_mapper', 'catkin_cmake_args': None, 'catkin_skip_building_tests': False, 'cmake_args': None, 'cmake_clean_cache': False, 'cmake_clean_first': False, 'cmake_force_configure': False, 'cmake_target': None, 'cmake_target_skip_unavailable': False, 'install_base': '/home/matt/CSC212-Roomba-Project/robot_ws/src/install/create3_mapper', 'merge_install': False, 'path': '/home/matt/CSC212-Roomba-Project/robot_ws/src/create3_mapper', 'symlink_install': False, 'test_result_base': None}
[0.149s] INFO:colcon.colcon_core.executor:Executing jobs using 'parallel' executor
[0.150s] DEBUG:colcon.colcon_parallel_executor.executor.parallel:run_until_complete
[0.150s] INFO:colcon.colcon_ros.task.ament_python.build:Building ROS package in '/home/matt/CSC212-Roomba-Project/robot_ws/src/create3_mapper' with build type 'ament_python'
[0.150s] Level 1:colcon.colcon_core.shell:create_environment_hook('create3_mapper', 'ament_prefix_path')
[0.151s] INFO:colcon.colcon_core.plugin_system:Skipping extension 'colcon_core.shell.bat': Not used on non-Windows systems
[0.151s] INFO:colcon.colcon_core.shell:Creating environment hook '/home/matt/CSC212-Roomba-Project/robot_ws/src/install/create3_mapper/share/create3_mapper/hook/ament_prefix_path.ps1'
[0.151s] INFO:colcon.colcon_core.shell:Creating environment descriptor '/home/matt/CSC212-Roomba-Project/robot_ws/src/install/create3_mapper/share/create3_mapper/hook/ament_prefix_path.dsv'
[0.151s] INFO:colcon.colcon_core.shell:Creating environment hook '/home/matt/CSC212-Roomba-Project/robot_ws/src/install/create3_mapper/share/create3_mapper/hook/ament_prefix_path.sh'
[0.152s] INFO:colcon.colcon_core.shell:Skip shell extension 'powershell' for command environment: Not usable outside of PowerShell
[0.152s] DEBUG:colcon.colcon_core.shell:Skip shell extension 'dsv' for command environment
[0.257s] WARNING:colcon.colcon_ros.task.ament_python.build:Package 'create3_mapper' doesn't explicitly install a marker in the package index (colcon-ros currently does it implicitly but that fallback will be removed in the future)
[0.257s] INFO:colcon.colcon_core.task.python.build:Building Python package in '/home/matt/CSC212-Roomba-Project/robot_ws/src/create3_mapper'
[0.257s] INFO:colcon.colcon_core.shell:Skip shell extension 'powershell' for command environment: Not usable outside of PowerShell
[0.257s] DEBUG:colcon.colcon_core.shell:Skip shell extension 'dsv' for command environment
[0.398s] DEBUG:colcon.colcon_core.event_handler.log_command:Invoking command in '/home/matt/CSC212-Roomba-Project/robot_ws/src/create3_mapper': PYTHONPATH=/home/matt/CSC212-Roomba-Project/robot_ws/src/build/create3_mapper/prefix_override:/usr/lib/python3/dist-packages/colcon_core/task/python/colcon_distutils_commands:/home/matt/CSC212-Roomba-Project/robot_ws/src/install/create3_mapper/lib/python3.10/site-packages:${PYTHONPATH} /usr/bin/python3 -W ignore:setup.py install is deprecated -W ignore:easy_install command is deprecated setup.py egg_info --egg-base ../build/create3_mapper build --build-base /home/matt/CSC212-Roomba-Project/robot_ws/src/build/create3_mapper/build install --record /home/matt/CSC212-Roomba-Project/robot_ws/src/build/create3_mapper/install.log --single-version-externally-managed install_data
[0.511s] DEBUG:colcon.colcon_core.event_handler.log_command:Invoked command in '/home/matt/CSC212-Roomba-Project/robot_ws/src/create3_mapper' returned '0': PYTHONPATH=/home/matt/CSC212-Roomba-Project/robot_ws/src/build/create3_mapper/prefix_override:/usr/lib/python3/dist-packages/colcon_core/task/python/colcon_distutils_commands:/home/matt/CSC212-Roomba-Project/robot_ws/src/install/create3_mapper/lib/python3.10/site-packages:${PYTHONPATH} /usr/bin/python3 -W ignore:setup.py install is deprecated -W ignore:easy_install command is deprecated setup.py egg_info --egg-base ../build/create3_mapper build --build-base /home/matt/CSC212-Roomba-Project/robot_ws/src/build/create3_mapper/build install --record /home/matt/CSC212-Roomba-Project/robot_ws/src/build/create3_mapper/install.log --single-version-externally-managed install_data
[0.512s] Level 1:colcon.colcon_core.environment:checking '/home/matt/CSC212-Roomba-Project/robot_ws/src/install/create3_mapper' for CMake module files
[0.512s] Level 1:colcon.colcon_core.environment:checking '/home/matt/CSC212-Roomba-Project/robot_ws/src/install/create3_mapper' for CMake config files
[0.513s] Level 1:colcon.colcon_core.environment:checking '/home/matt/CSC212-Roomba-Project/robot_ws/src/install/create3_mapper/lib'
[0.513s] Level 1:colcon.colcon_core.environment:checking '/home/matt/CSC212-Roomba-Project/robot_ws/src/install/create3_mapper/bin'
[0.513s] Level 1:colcon.colcon_core.environment:checking '/home/matt/CSC212-Roomba-Project/robot_ws/src/install/create3_mapper/lib/pkgconfig/create3_mapper.pc'
[0.513s] Level 1:colcon.colcon_core.environment:checking '/home/matt/CSC212-Roomba-Project/robot_ws/src/install/create3_mapper/lib/python3.10/site-packages'
[0.513s] Level 1:colcon.colcon_core.shell:create_environment_hook('create3_mapper', 'pythonpath')
[0.513s] INFO:colcon.colcon_core.shell:Creating environment hook '/home/matt/CSC212-Roomba-Project/robot_ws/src/install/create3_mapper/share/create3_mapper/hook/pythonpath.ps1'
[0.513s] INFO:colcon.colcon_core.shell:Creating environment descriptor '/home/matt/CSC212-Roomba-Project/robot_ws/src/install/create3_mapper/share/create3_mapper/hook/pythonpath.dsv'
[0.513s] INFO:colcon.colcon_core.shell:Creating environment hook '/home/matt/CSC212-Roomba-Project/robot_ws/src/install/create3_mapper/share/create3_mapper/hook/pythonpath.sh'
[0.513s] Level 1:colcon.colcon_core.environment:checking '/home/matt/CSC212-Roomba-Project/robot_ws/src/install/create3_mapper/bin'
[0.514s] Level 1:colcon.colcon_core.environment:create_environment_scripts_only(create3_mapper)
[0.514s] INFO:colcon.colcon_core.shell:Creating package script '/home/matt/CSC212-Roomba-Project/robot_ws/src/install/create3_mapper/share/create3_mapper/package.ps1'
[0.514s] INFO:colcon.colcon_core.shell:Creating package descriptor '/home/matt/CSC212-Roomba-Project/robot_ws/src/install/create3_mapper/share/create3_mapper/package.dsv'
[0.514s] INFO:colcon.colcon_core.shell:Creating package script '/home/matt/CSC212-Roomba-Project/robot_ws/src/install/create3_mapper/share/create3_mapper/package.sh'
[0.514s] INFO:colcon.colcon_core.shell:Creating package script '/home/matt/CSC212-Roomba-Project/robot_ws/src/install/create3_mapper/share/create3_mapper/package.bash'
[0.515s] INFO:colcon.colcon_core.shell:Creating package script '/home/matt/CSC212-Roomba-Project/robot_ws/src/install/create3_mapper/share/create3_mapper/package.zsh'
[0.515s] Level 1:colcon.colcon_core.environment:create_file_with_runtime_dependencies(/home/matt/CSC212-Roomba-Project/robot_ws/src/install/create3_mapper/share/colcon-core/packages/create3_mapper)
[0.515s] DEBUG:colcon.colcon_parallel_executor.executor.parallel:closing loop
[0.515s] DEBUG:colcon.colcon_parallel_executor.executor.parallel:loop closed
[0.515s] DEBUG:colcon.colcon_parallel_executor.executor.parallel:run_until_complete finished with '0'
[0.516s] DEBUG:colcon.colcon_core.event_reactor:joining thread
[0.518s] INFO:colcon.colcon_core.plugin_system:Skipping extension 'colcon_notification.desktop_notification.terminal_notifier': Not used on non-Darwin systems
[0.518s] INFO:colcon.colcon_core.plugin_system:Skipping extension 'colcon_notification.desktop_notification.win32': Not used on non-Windows systems
[0.518s] INFO:colcon.colcon_notification.desktop_notification:Sending desktop notification using 'notify2'
[0.526s] DEBUG:colcon.colcon_core.event_reactor:joined thread
[0.526s] INFO:colcon.colcon_core.shell:Creating prefix script '/home/matt/CSC212-Roomba-Project/robot_ws/src/install/local_setup.ps1'
[0.527s] INFO:colcon.colcon_core.shell:Creating prefix util module '/home/matt/CSC212-Roomba-Project/robot_ws/src/install/_local_setup_util_ps1.py'
[0.527s] INFO:colcon.colcon_core.shell:Creating prefix chain script '/home/matt/CSC212-Roomba-Project/robot_ws/src/install/setup.ps1'
[0.528s] INFO:colcon.colcon_core.shell:Creating prefix script '/home/matt/CSC212-Roomba-Project/robot_ws/src/install/local_setup.sh'
[0.528s] INFO:colcon.colcon_core.shell:Creating prefix util module '/home/matt/CSC212-Roomba-Project/robot_ws/src/install/_local_setup_util_sh.py'
[0.529s] INFO:colcon.colcon_core.shell:Creating prefix chain script '/home/matt/CSC212-Roomba-Project/robot_ws/src/install/setup.sh'
[0.529s] INFO:colcon.colcon_core.shell:Creating prefix script '/home/matt/CSC212-Roomba-Project/robot_ws/src/install/local_setup.bash'
[0.530s] INFO:colcon.colcon_core.shell:Creating prefix chain script '/home/matt/CSC212-Roomba-Project/robot_ws/src/install/setup.bash'
[0.530s] INFO:colcon.colcon_core.shell:Creating prefix script '/home/matt/CSC212-Roomba-Project/robot_ws/src/install/local_setup.zsh'
[0.530s] INFO:colcon.colcon_core.shell:Creating prefix chain script '/home/matt/CSC212-Roomba-Project/robot_ws/src/install/setup.zsh'
