[0.007s] Invoking command in '/home/matt/robot_ws/build/path_publisher': CMAKE_PREFIX_PATH=${CMAKE_PREFIX_PATH}:/home/matt/create3_examples_ws/install/create3_teleop:/home/matt/create3_examples_ws/install/create3_examples_py /usr/bin/cmake /home/matt/robot_ws/src/path_publisher -DCMAKE_INSTALL_PREFIX=/home/matt/robot_ws/install/path_publisher
[0.103s] -- The C compiler identification is GNU 11.4.0
[0.177s] -- The CXX compiler identification is GNU 11.4.0
[0.185s] -- Detecting C compiler ABI info
[0.218s] -- Detecting C compiler ABI info - done
[0.220s] -- Check for working C compiler: /usr/bin/cc - skipped
[0.221s] -- Detecting C compile features
[0.222s] -- Detecting C compile features - done
[0.223s] -- Detecting CXX compiler ABI info
[0.259s] -- Detecting CXX compiler ABI info - done
[0.262s] -- Check for working CXX compiler: /usr/bin/c++ - skipped
[0.262s] -- Detecting CXX compile features
[0.263s] -- Detecting CXX compile features - done
[0.274s] -- Found ament_cmake: 1.3.11 (/opt/ros/humble/share/ament_cmake/cmake)
[0.348s] -- Found Python3: /usr/bin/python3 (found version "3.10.12") found components: Interpreter 
[0.413s] -- Found rclcpp: 16.0.11 (/opt/ros/humble/share/rclcpp/cmake)
[0.456s] -- Found rosidl_generator_c: 3.1.6 (/opt/ros/humble/share/rosidl_generator_c/cmake)
[0.462s] -- Found rosidl_adapter: 3.1.6 (/opt/ros/humble/share/rosidl_adapter/cmake)
[0.471s] -- Found rosidl_generator_cpp: 3.1.6 (/opt/ros/humble/share/rosidl_generator_cpp/cmake)
[0.485s] -- Using all available rosidl_typesupport_c: rosidl_typesupport_fastrtps_c;rosidl_typesupport_introspection_c
[0.498s] -- Using all available rosidl_typesupport_cpp: rosidl_typesupport_fastrtps_cpp;rosidl_typesupport_introspection_cpp
[0.540s] -- Found rmw_implementation_cmake: 6.1.2 (/opt/ros/humble/share/rmw_implementation_cmake/cmake)
[0.543s] -- Found rmw_fastrtps_cpp: 6.2.7 (/opt/ros/humble/share/rmw_fastrtps_cpp/cmake)
[0.599s] -- Found OpenSSL: /usr/lib/aarch64-linux-gnu/libcrypto.so (found version "3.0.2")  
[0.615s] -- Found FastRTPS: /opt/ros/humble/include  
[0.636s] -- Using RMW implementation 'rmw_fastrtps_cpp' as default
[0.647s] -- Looking for pthread.h
[0.690s] -- Looking for pthread.h - found
[0.690s] -- Performing Test CMAKE_HAVE_LIBC_PTHREAD
[0.722s] -- Performing Test CMAKE_HAVE_LIBC_PTHREAD - Success
[0.722s] -- Found Threads: TRUE  
[0.765s] -- Found nav_msgs: 4.2.4 (/opt/ros/humble/share/nav_msgs/cmake)
[0.788s] -- Found rviz_visual_tools: 4.1.4 (/opt/ros/humble/share/rviz_visual_tools/cmake)
[0.890s] -- Setting assimp_DIR to: '/opt/ros/humble/share/rviz_assimp_vendor/cmake/../../../opt/rviz_assimp_vendor/lib/cmake/assimp-4.1'
[0.898s] -- Setting OGRE_DIR to: '/opt/ros/humble/share/rviz_ogre_vendor/cmake/../../../opt/rviz_ogre_vendor/lib/OGRE/cmake'
[0.900s] -- Found OGRE
[0.900s] --   static     : OFF
[0.900s] --   components : HLMS;MeshLodGenerator;Overlay;Paging;Property;RTShaderSystem;Terrain;Volume
[0.900s] --   plugins    : Plugin_BSPSceneManager;Plugin_OctreeSceneManager;Plugin_PCZSceneManager;Plugin_ParticleFX;RenderSystem_GL;RenderSystem_GL3Plus;Codec_STBI
[0.900s] --   media      : /opt/ros/humble/opt/rviz_ogre_vendor/share/OGRE/Media
[0.900s] -- OGRE_LIBRARIES: OgreHLMS;OgreMeshLodGenerator;OgreOverlay;OgrePaging;OgreProperty;OgreRTShaderSystem;OgreTerrain;OgreVolume;OgreMain
[0.900s] -- OGRE_LIBRARY_DIRS: /opt/ros/humble/opt/rviz_ogre_vendor/lib
[0.900s] -- OGRE_PLUGINS: Plugin_BSPSceneManager;Plugin_OctreeSceneManager;Plugin_PCZSceneManager;Plugin_ParticleFX;RenderSystem_GL;RenderSystem_GL3Plus;Codec_STBI
[0.900s] -- OGRE_PLUGIN_DIR: /opt/ros/humble/opt/rviz_ogre_vendor/lib/OGRE
[0.900s] -- rviz_ogre_vendor::OgreOverlay for IMPORTED_LOCATION_RELEASE: /opt/ros/humble/opt/rviz_ogre_vendor/lib/libOgreOverlay.so
[0.900s] -- rviz_ogre_vendor::OgreOverlay for IMPORTED_LOCATION_DEBUG: /opt/ros/humble/opt/rviz_ogre_vendor/lib/libOgreOverlay.so
[0.900s] -- rviz_ogre_vendor::OgreMain for IMPORTED_LOCATION_RELEASE: /opt/ros/humble/opt/rviz_ogre_vendor/lib/libOgreMain.so
[0.900s] -- rviz_ogre_vendor::OgreMain for IMPORTED_LOCATION_DEBUG: /opt/ros/humble/opt/rviz_ogre_vendor/lib/libOgreMain.so
[0.900s] -- Could not find freeimage library
[0.912s] -- Found ZLIB: /usr/lib/aarch64-linux-gnu/libz.so (found version "1.2.11") 
[0.915s] -- Found OpenGL: /usr/lib/aarch64-linux-gnu/libOpenGL.so   
[0.959s] -- Found X11: /usr/include   
[0.959s] -- Looking for XOpenDisplay in /usr/lib/aarch64-linux-gnu/libX11.so;/usr/lib/aarch64-linux-gnu/libXext.so
[0.991s] -- Looking for XOpenDisplay in /usr/lib/aarch64-linux-gnu/libX11.so;/usr/lib/aarch64-linux-gnu/libXext.so - found
[0.991s] -- Looking for gethostbyname
[1.017s] -- Looking for gethostbyname - found
[1.017s] -- Looking for connect
[1.042s] -- Looking for connect - found
[1.042s] -- Looking for remove
[1.070s] -- Looking for remove - found
[1.070s] -- Looking for shmat
[1.099s] -- Looking for shmat - found
[1.099s] -- Looking for IceConnectionNumber in ICE
[1.126s] -- Looking for IceConnectionNumber in ICE - found
[1.160s] -- library: /usr/lib/aarch64-linux-gnu/libcurl.so
[1.190s] -- Found Eigen3: TRUE (found version "3.4.0") 
[1.190s] -- Ensuring Eigen3 include directory is part of orocos-kdl CMake target
[1.311s] -- Found ament_lint_auto: 0.12.11 (/opt/ros/humble/share/ament_lint_auto/cmake)
[1.358s] -- Added test 'cppcheck' to perform static code analysis on C / C++ code
[1.358s] -- Configured cppcheck include dirs: 
[1.358s] -- Configured cppcheck exclude dirs and/or files: 
[1.358s] -- Added test 'lint_cmake' to check CMake code style
[1.359s] -- Added test 'uncrustify' to check C / C++ code style
[1.359s] -- Configured uncrustify additional arguments: 
[1.360s] -- Added test 'xmllint' to check XML markup files
[1.361s] -- Configuring done
[1.365s] [31mCMake Error at CMakeLists.txt:27 (add_executable):
[1.365s]   Target "path_publisher" links to target "tf2_eigen::tf2_eigen" but the
[1.365s]   target was not found.  Perhaps a find_package() call is missing for an
[1.365s]   IMPORTED target, or an ALIAS target is missing?
[1.365s] 
[1.365s] [0m
[1.365s] [31mCMake Error at CMakeLists.txt:27 (add_executable):
[1.365s]   Target "path_publisher" links to target "tf2_eigen::tf2_eigen" but the
[1.365s]   target was not found.  Perhaps a find_package() call is missing for an
[1.365s]   IMPORTED target, or an ALIAS target is missing?
[1.365s] 
[1.365s] [0m
[1.375s] -- Generating done
[1.376s] [0mCMake Generate step failed.  Build files cannot be regenerated correctly.[0m
[1.383s] Invoked command in '/home/matt/robot_ws/build/path_publisher' returned '1': CMAKE_PREFIX_PATH=${CMAKE_PREFIX_PATH}:/home/matt/create3_examples_ws/install/create3_teleop:/home/matt/create3_examples_ws/install/create3_examples_py /usr/bin/cmake /home/matt/robot_ws/src/path_publisher -DCMAKE_INSTALL_PREFIX=/home/matt/robot_ws/install/path_publisher
