[0.196s] DEBUG:colcon:Command line arguments: ['/usr/bin/colcon', 'build', '--packages-select', 'path_publisher']
[0.196s] DEBUG:colcon:Parsed command line arguments: Namespace(log_base=None, log_level=None, verb_name='build', build_base='build', install_base='install', merge_install=False, symlink_install=False, test_result_base=None, continue_on_error=False, executor='parallel', parallel_workers=10, event_handlers=None, ignore_user_meta=False, metas=['./colcon.meta'], base_paths=['.'], packages_ignore=None, packages_ignore_regex=None, paths=None, packages_up_to=None, packages_up_to_regex=None, packages_above=None, packages_above_and_dependencies=None, packages_above_depth=None, packages_select_by_dep=None, packages_skip_by_dep=None, packages_skip_up_to=None, packages_select_build_failed=False, packages_skip_build_finished=False, packages_select_test_failures=False, packages_skip_test_passed=False, packages_select=['path_publisher'], packages_skip=None, packages_select_regex=None, packages_skip_regex=None, packages_start=None, packages_end=None, allow_overriding=[], cmake_args=None, cmake_target=None, cmake_target_skip_unavailable=False, cmake_clean_cache=False, cmake_clean_first=False, cmake_force_configure=False, ament_cmake_args=None, catkin_cmake_args=None, catkin_skip_building_tests=False, mixin_files=None, mixin=None, verb_parser=<colcon_mixin.mixin.mixin_argument.MixinArgumentDecorator object at 0xffffb86d39d0>, verb_extension=<colcon_core.verb.build.BuildVerb object at 0xffffb88d0880>, main=<bound method BuildVerb.main of <colcon_core.verb.build.BuildVerb object at 0xffffb88d0880>>, mixin_verb=('build',))
[0.355s] Level 1:colcon.colcon_core.package_discovery:discover_packages(colcon_meta) check parameters
[0.355s] Level 1:colcon.colcon_core.package_discovery:discover_packages(recursive) check parameters
[0.355s] Level 1:colcon.colcon_core.package_discovery:discover_packages(ignore) check parameters
[0.355s] Level 1:colcon.colcon_core.package_discovery:discover_packages(path) check parameters
[0.355s] Level 1:colcon.colcon_core.package_discovery:discover_packages(colcon_meta) discover
[0.355s] Level 1:colcon.colcon_core.package_discovery:discover_packages(recursive) discover
[0.355s] INFO:colcon.colcon_core.package_discovery:Crawling recursively for packages in '/home/matt/CSC212-Roomba-Project'
[0.355s] Level 1:colcon.colcon_core.package_identification:_identify(.) by extensions ['ignore', 'ignore_ament_install']
[0.355s] Level 1:colcon.colcon_core.package_identification:_identify(.) by extension 'ignore'
[0.355s] Level 1:colcon.colcon_core.package_identification:_identify(.) by extension 'ignore_ament_install'
[0.355s] Level 1:colcon.colcon_core.package_identification:_identify(.) by extensions ['colcon_pkg']
[0.355s] Level 1:colcon.colcon_core.package_identification:_identify(.) by extension 'colcon_pkg'
[0.355s] Level 1:colcon.colcon_core.package_identification:_identify(.) by extensions ['colcon_meta']
[0.355s] Level 1:colcon.colcon_core.package_identification:_identify(.) by extension 'colcon_meta'
[0.355s] Level 1:colcon.colcon_core.package_identification:_identify(.) by extensions ['ros']
[0.355s] Level 1:colcon.colcon_core.package_identification:_identify(.) by extension 'ros'
[0.362s] Level 1:colcon.colcon_core.package_identification:_identify(.) by extensions ['cmake', 'python']
[0.362s] Level 1:colcon.colcon_core.package_identification:_identify(.) by extension 'cmake'
[0.362s] Level 1:colcon.colcon_core.package_identification:_identify(.) by extension 'python'
[0.362s] Level 1:colcon.colcon_core.package_identification:_identify(.) by extensions ['python_setup_py']
[0.362s] Level 1:colcon.colcon_core.package_identification:_identify(.) by extension 'python_setup_py'
[0.362s] Level 1:colcon.colcon_core.package_identification:_identify(bag_data_test_output) by extensions ['ignore', 'ignore_ament_install']
[0.362s] Level 1:colcon.colcon_core.package_identification:_identify(bag_data_test_output) by extension 'ignore'
[0.362s] Level 1:colcon.colcon_core.package_identification:_identify(bag_data_test_output) by extension 'ignore_ament_install'
[0.362s] Level 1:colcon.colcon_core.package_identification:_identify(bag_data_test_output) by extensions ['colcon_pkg']
[0.362s] Level 1:colcon.colcon_core.package_identification:_identify(bag_data_test_output) by extension 'colcon_pkg'
[0.362s] Level 1:colcon.colcon_core.package_identification:_identify(bag_data_test_output) by extensions ['colcon_meta']
[0.362s] Level 1:colcon.colcon_core.package_identification:_identify(bag_data_test_output) by extension 'colcon_meta'
[0.362s] Level 1:colcon.colcon_core.package_identification:_identify(bag_data_test_output) by extensions ['ros']
[0.362s] Level 1:colcon.colcon_core.package_identification:_identify(bag_data_test_output) by extension 'ros'
[0.362s] Level 1:colcon.colcon_core.package_identification:_identify(bag_data_test_output) by extensions ['cmake', 'python']
[0.362s] Level 1:colcon.colcon_core.package_identification:_identify(bag_data_test_output) by extension 'cmake'
[0.362s] Level 1:colcon.colcon_core.package_identification:_identify(bag_data_test_output) by extension 'python'
[0.362s] Level 1:colcon.colcon_core.package_identification:_identify(bag_data_test_output) by extensions ['python_setup_py']
[0.362s] Level 1:colcon.colcon_core.package_identification:_identify(bag_data_test_output) by extension 'python_setup_py'
[0.362s] Level 1:colcon.colcon_core.package_identification:_identify(bag_data_test_output/report_output) by extensions ['ignore', 'ignore_ament_install']
[0.362s] Level 1:colcon.colcon_core.package_identification:_identify(bag_data_test_output/report_output) by extension 'ignore'
[0.362s] Level 1:colcon.colcon_core.package_identification:_identify(bag_data_test_output/report_output) by extension 'ignore_ament_install'
[0.362s] Level 1:colcon.colcon_core.package_identification:_identify(bag_data_test_output/report_output) by extensions ['colcon_pkg']
[0.362s] Level 1:colcon.colcon_core.package_identification:_identify(bag_data_test_output/report_output) by extension 'colcon_pkg'
[0.362s] Level 1:colcon.colcon_core.package_identification:_identify(bag_data_test_output/report_output) by extensions ['colcon_meta']
[0.362s] Level 1:colcon.colcon_core.package_identification:_identify(bag_data_test_output/report_output) by extension 'colcon_meta'
[0.362s] Level 1:colcon.colcon_core.package_identification:_identify(bag_data_test_output/report_output) by extensions ['ros']
[0.362s] Level 1:colcon.colcon_core.package_identification:_identify(bag_data_test_output/report_output) by extension 'ros'
[0.362s] Level 1:colcon.colcon_core.package_identification:_identify(bag_data_test_output/report_output) by extensions ['cmake', 'python']
[0.363s] Level 1:colcon.colcon_core.package_identification:_identify(bag_data_test_output/report_output) by extension 'cmake'
[0.363s] Level 1:colcon.colcon_core.package_identification:_identify(bag_data_test_output/report_output) by extension 'python'
[0.363s] Level 1:colcon.colcon_core.package_identification:_identify(bag_data_test_output/report_output) by extensions ['python_setup_py']
[0.363s] Level 1:colcon.colcon_core.package_identification:_identify(bag_data_test_output/report_output) by extension 'python_setup_py'
[0.363s] Level 1:colcon.colcon_core.package_identification:_identify(build) by extensions ['ignore', 'ignore_ament_install']
[0.363s] Level 1:colcon.colcon_core.package_identification:_identify(build) by extension 'ignore'
[0.363s] Level 1:colcon.colcon_core.package_identification:_identify(build) ignored
[0.363s] Level 1:colcon.colcon_core.package_identification:_identify(install) by extensions ['ignore', 'ignore_ament_install']
[0.363s] Level 1:colcon.colcon_core.package_identification:_identify(install) by extension 'ignore'
[0.363s] Level 1:colcon.colcon_core.package_identification:_identify(install) ignored
[0.363s] Level 1:colcon.colcon_core.package_identification:_identify(log) by extensions ['ignore', 'ignore_ament_install']
[0.363s] Level 1:colcon.colcon_core.package_identification:_identify(log) by extension 'ignore'
[0.363s] Level 1:colcon.colcon_core.package_identification:_identify(log) ignored
[0.363s] Level 1:colcon.colcon_core.package_identification:_identify(robot_ws) by extensions ['ignore', 'ignore_ament_install']
[0.363s] Level 1:colcon.colcon_core.package_identification:_identify(robot_ws) by extension 'ignore'
[0.363s] Level 1:colcon.colcon_core.package_identification:_identify(robot_ws) by extension 'ignore_ament_install'
[0.363s] Level 1:colcon.colcon_core.package_identification:_identify(robot_ws) by extensions ['colcon_pkg']
[0.363s] Level 1:colcon.colcon_core.package_identification:_identify(robot_ws) by extension 'colcon_pkg'
[0.363s] Level 1:colcon.colcon_core.package_identification:_identify(robot_ws) by extensions ['colcon_meta']
[0.363s] Level 1:colcon.colcon_core.package_identification:_identify(robot_ws) by extension 'colcon_meta'
[0.363s] Level 1:colcon.colcon_core.package_identification:_identify(robot_ws) by extensions ['ros']
[0.363s] Level 1:colcon.colcon_core.package_identification:_identify(robot_ws) by extension 'ros'
[0.363s] Level 1:colcon.colcon_core.package_identification:_identify(robot_ws) by extensions ['cmake', 'python']
[0.363s] Level 1:colcon.colcon_core.package_identification:_identify(robot_ws) by extension 'cmake'
[0.363s] Level 1:colcon.colcon_core.package_identification:_identify(robot_ws) by extension 'python'
[0.363s] Level 1:colcon.colcon_core.package_identification:_identify(robot_ws) by extensions ['python_setup_py']
[0.363s] Level 1:colcon.colcon_core.package_identification:_identify(robot_ws) by extension 'python_setup_py'
[0.363s] Level 1:colcon.colcon_core.package_identification:_identify(robot_ws/build) by extensions ['ignore', 'ignore_ament_install']
[0.363s] Level 1:colcon.colcon_core.package_identification:_identify(robot_ws/build) by extension 'ignore'
[0.363s] Level 1:colcon.colcon_core.package_identification:_identify(robot_ws/build) ignored
[0.363s] Level 1:colcon.colcon_core.package_identification:_identify(robot_ws/install) by extensions ['ignore', 'ignore_ament_install']
[0.363s] Level 1:colcon.colcon_core.package_identification:_identify(robot_ws/install) by extension 'ignore'
[0.363s] Level 1:colcon.colcon_core.package_identification:_identify(robot_ws/install) ignored
[0.363s] Level 1:colcon.colcon_core.package_identification:_identify(robot_ws/log) by extensions ['ignore', 'ignore_ament_install']
[0.363s] Level 1:colcon.colcon_core.package_identification:_identify(robot_ws/log) by extension 'ignore'
[0.363s] Level 1:colcon.colcon_core.package_identification:_identify(robot_ws/log) ignored
[0.363s] Level 1:colcon.colcon_core.package_identification:_identify(robot_ws/maps) by extensions ['ignore', 'ignore_ament_install']
[0.363s] Level 1:colcon.colcon_core.package_identification:_identify(robot_ws/maps) by extension 'ignore'
[0.363s] Level 1:colcon.colcon_core.package_identification:_identify(robot_ws/maps) by extension 'ignore_ament_install'
[0.363s] Level 1:colcon.colcon_core.package_identification:_identify(robot_ws/maps) by extensions ['colcon_pkg']
[0.363s] Level 1:colcon.colcon_core.package_identification:_identify(robot_ws/maps) by extension 'colcon_pkg'
[0.363s] Level 1:colcon.colcon_core.package_identification:_identify(robot_ws/maps) by extensions ['colcon_meta']
[0.363s] Level 1:colcon.colcon_core.package_identification:_identify(robot_ws/maps) by extension 'colcon_meta'
[0.363s] Level 1:colcon.colcon_core.package_identification:_identify(robot_ws/maps) by extensions ['ros']
[0.363s] Level 1:colcon.colcon_core.package_identification:_identify(robot_ws/maps) by extension 'ros'
[0.363s] Level 1:colcon.colcon_core.package_identification:_identify(robot_ws/maps) by extensions ['cmake', 'python']
[0.363s] Level 1:colcon.colcon_core.package_identification:_identify(robot_ws/maps) by extension 'cmake'
[0.363s] Level 1:colcon.colcon_core.package_identification:_identify(robot_ws/maps) by extension 'python'
[0.363s] Level 1:colcon.colcon_core.package_identification:_identify(robot_ws/maps) by extensions ['python_setup_py']
[0.363s] Level 1:colcon.colcon_core.package_identification:_identify(robot_ws/maps) by extension 'python_setup_py'
[0.363s] Level 1:colcon.colcon_core.package_identification:_identify(robot_ws/rosbags) by extensions ['ignore', 'ignore_ament_install']
[0.363s] Level 1:colcon.colcon_core.package_identification:_identify(robot_ws/rosbags) by extension 'ignore'
[0.363s] Level 1:colcon.colcon_core.package_identification:_identify(robot_ws/rosbags) by extension 'ignore_ament_install'
[0.363s] Level 1:colcon.colcon_core.package_identification:_identify(robot_ws/rosbags) by extensions ['colcon_pkg']
[0.363s] Level 1:colcon.colcon_core.package_identification:_identify(robot_ws/rosbags) by extension 'colcon_pkg'
[0.363s] Level 1:colcon.colcon_core.package_identification:_identify(robot_ws/rosbags) by extensions ['colcon_meta']
[0.363s] Level 1:colcon.colcon_core.package_identification:_identify(robot_ws/rosbags) by extension 'colcon_meta'
[0.363s] Level 1:colcon.colcon_core.package_identification:_identify(robot_ws/rosbags) by extensions ['ros']
[0.363s] Level 1:colcon.colcon_core.package_identification:_identify(robot_ws/rosbags) by extension 'ros'
[0.363s] Level 1:colcon.colcon_core.package_identification:_identify(robot_ws/rosbags) by extensions ['cmake', 'python']
[0.364s] Level 1:colcon.colcon_core.package_identification:_identify(robot_ws/rosbags) by extension 'cmake'
[0.364s] Level 1:colcon.colcon_core.package_identification:_identify(robot_ws/rosbags) by extension 'python'
[0.364s] Level 1:colcon.colcon_core.package_identification:_identify(robot_ws/rosbags) by extensions ['python_setup_py']
[0.364s] Level 1:colcon.colcon_core.package_identification:_identify(robot_ws/rosbags) by extension 'python_setup_py'
[0.364s] Level 1:colcon.colcon_core.package_identification:_identify(robot_ws/src) by extensions ['ignore', 'ignore_ament_install']
[0.364s] Level 1:colcon.colcon_core.package_identification:_identify(robot_ws/src) by extension 'ignore'
[0.364s] Level 1:colcon.colcon_core.package_identification:_identify(robot_ws/src) by extension 'ignore_ament_install'
[0.364s] Level 1:colcon.colcon_core.package_identification:_identify(robot_ws/src) by extensions ['colcon_pkg']
[0.364s] Level 1:colcon.colcon_core.package_identification:_identify(robot_ws/src) by extension 'colcon_pkg'
[0.364s] Level 1:colcon.colcon_core.package_identification:_identify(robot_ws/src) by extensions ['colcon_meta']
[0.364s] Level 1:colcon.colcon_core.package_identification:_identify(robot_ws/src) by extension 'colcon_meta'
[0.364s] Level 1:colcon.colcon_core.package_identification:_identify(robot_ws/src) by extensions ['ros']
[0.364s] Level 1:colcon.colcon_core.package_identification:_identify(robot_ws/src) by extension 'ros'
[0.364s] Level 1:colcon.colcon_core.package_identification:_identify(robot_ws/src) by extensions ['cmake', 'python']
[0.364s] Level 1:colcon.colcon_core.package_identification:_identify(robot_ws/src) by extension 'cmake'
[0.364s] Level 1:colcon.colcon_core.package_identification:_identify(robot_ws/src) by extension 'python'
[0.364s] Level 1:colcon.colcon_core.package_identification:_identify(robot_ws/src) by extensions ['python_setup_py']
[0.364s] Level 1:colcon.colcon_core.package_identification:_identify(robot_ws/src) by extension 'python_setup_py'
[0.364s] Level 1:colcon.colcon_core.package_identification:_identify(robot_ws/src/map_path_saver) by extensions ['ignore', 'ignore_ament_install']
[0.364s] Level 1:colcon.colcon_core.package_identification:_identify(robot_ws/src/map_path_saver) by extension 'ignore'
[0.364s] Level 1:colcon.colcon_core.package_identification:_identify(robot_ws/src/map_path_saver) by extension 'ignore_ament_install'
[0.364s] Level 1:colcon.colcon_core.package_identification:_identify(robot_ws/src/map_path_saver) by extensions ['colcon_pkg']
[0.364s] Level 1:colcon.colcon_core.package_identification:_identify(robot_ws/src/map_path_saver) by extension 'colcon_pkg'
[0.364s] Level 1:colcon.colcon_core.package_identification:_identify(robot_ws/src/map_path_saver) by extensions ['colcon_meta']
[0.364s] Level 1:colcon.colcon_core.package_identification:_identify(robot_ws/src/map_path_saver) by extension 'colcon_meta'
[0.364s] Level 1:colcon.colcon_core.package_identification:_identify(robot_ws/src/map_path_saver) by extensions ['ros']
[0.364s] Level 1:colcon.colcon_core.package_identification:_identify(robot_ws/src/map_path_saver) by extension 'ros'
[0.366s] DEBUG:colcon.colcon_core.package_identification:Package 'robot_ws/src/map_path_saver' with type 'ros.ament_python' and name 'map_path_saver'
[0.366s] Level 1:colcon.colcon_core.package_identification:_identify(robot_ws/src/path_publisher) by extensions ['ignore', 'ignore_ament_install']
[0.366s] Level 1:colcon.colcon_core.package_identification:_identify(robot_ws/src/path_publisher) by extension 'ignore'
[0.366s] Level 1:colcon.colcon_core.package_identification:_identify(robot_ws/src/path_publisher) by extension 'ignore_ament_install'
[0.366s] Level 1:colcon.colcon_core.package_identification:_identify(robot_ws/src/path_publisher) by extensions ['colcon_pkg']
[0.366s] Level 1:colcon.colcon_core.package_identification:_identify(robot_ws/src/path_publisher) by extension 'colcon_pkg'
[0.366s] Level 1:colcon.colcon_core.package_identification:_identify(robot_ws/src/path_publisher) by extensions ['colcon_meta']
[0.366s] Level 1:colcon.colcon_core.package_identification:_identify(robot_ws/src/path_publisher) by extension 'colcon_meta'
[0.366s] Level 1:colcon.colcon_core.package_identification:_identify(robot_ws/src/path_publisher) by extensions ['ros']
[0.366s] Level 1:colcon.colcon_core.package_identification:_identify(robot_ws/src/path_publisher) by extension 'ros'
[0.370s] DEBUG:colcon.colcon_core.package_identification:Package 'robot_ws/src/path_publisher' with type 'ros.ament_cmake' and name 'path_publisher'
[0.370s] Level 1:colcon.colcon_core.package_discovery:discover_packages(recursive) using defaults
[0.370s] Level 1:colcon.colcon_core.package_discovery:discover_packages(ignore) discover
[0.370s] Level 1:colcon.colcon_core.package_discovery:discover_packages(ignore) using defaults
[0.370s] Level 1:colcon.colcon_core.package_discovery:discover_packages(path) discover
[0.370s] Level 1:colcon.colcon_core.package_discovery:discover_packages(path) using defaults
[0.385s] INFO:colcon.colcon_core.package_selection:Skipping not selected package 'map_path_saver' in 'robot_ws/src/map_path_saver'
[0.385s] Level 1:colcon.colcon_core.package_discovery:discover_packages(prefix_path) check parameters
[0.385s] Level 1:colcon.colcon_core.package_discovery:discover_packages(prefix_path) discover
[0.387s] DEBUG:colcon.colcon_installed_package_information.package_discovery:Found 19 installed packages in /home/matt/create3_examples_ws/install
[0.388s] DEBUG:colcon.colcon_installed_package_information.package_discovery:Found 370 installed packages in /opt/ros/humble
[0.389s] Level 1:colcon.colcon_core.package_discovery:discover_packages(prefix_path) using defaults
[0.432s] Level 5:colcon.colcon_core.verb:set package 'path_publisher' build argument 'cmake_args' from command line to 'None'
[0.432s] Level 5:colcon.colcon_core.verb:set package 'path_publisher' build argument 'cmake_target' from command line to 'None'
[0.432s] Level 5:colcon.colcon_core.verb:set package 'path_publisher' build argument 'cmake_target_skip_unavailable' from command line to 'False'
[0.432s] Level 5:colcon.colcon_core.verb:set package 'path_publisher' build argument 'cmake_clean_cache' from command line to 'False'
[0.432s] Level 5:colcon.colcon_core.verb:set package 'path_publisher' build argument 'cmake_clean_first' from command line to 'False'
[0.432s] Level 5:colcon.colcon_core.verb:set package 'path_publisher' build argument 'cmake_force_configure' from command line to 'False'
[0.432s] Level 5:colcon.colcon_core.verb:set package 'path_publisher' build argument 'ament_cmake_args' from command line to 'None'
[0.432s] Level 5:colcon.colcon_core.verb:set package 'path_publisher' build argument 'catkin_cmake_args' from command line to 'None'
[0.432s] Level 5:colcon.colcon_core.verb:set package 'path_publisher' build argument 'catkin_skip_building_tests' from command line to 'False'
[0.432s] DEBUG:colcon.colcon_core.verb:Building package 'path_publisher' with the following arguments: {'ament_cmake_args': None, 'build_base': '/home/matt/CSC212-Roomba-Project/build/path_publisher', 'catkin_cmake_args': None, 'catkin_skip_building_tests': False, 'cmake_args': None, 'cmake_clean_cache': False, 'cmake_clean_first': False, 'cmake_force_configure': False, 'cmake_target': None, 'cmake_target_skip_unavailable': False, 'install_base': '/home/matt/CSC212-Roomba-Project/install/path_publisher', 'merge_install': False, 'path': '/home/matt/CSC212-Roomba-Project/robot_ws/src/path_publisher', 'symlink_install': False, 'test_result_base': None}
[0.432s] INFO:colcon.colcon_core.executor:Executing jobs using 'parallel' executor
[0.432s] DEBUG:colcon.colcon_parallel_executor.executor.parallel:run_until_complete
[0.432s] INFO:colcon.colcon_ros.task.ament_cmake.build:Building ROS package in '/home/matt/CSC212-Roomba-Project/robot_ws/src/path_publisher' with build type 'ament_cmake'
[0.433s] INFO:colcon.colcon_cmake.task.cmake.build:Building CMake package in '/home/matt/CSC212-Roomba-Project/robot_ws/src/path_publisher'
[0.436s] INFO:colcon.colcon_core.plugin_system:Skipping extension 'colcon_core.shell.bat': Not used on non-Windows systems
[0.436s] INFO:colcon.colcon_core.shell:Skip shell extension 'powershell' for command environment: Not usable outside of PowerShell
[0.436s] DEBUG:colcon.colcon_core.shell:Skip shell extension 'dsv' for command environment
[0.439s] DEBUG:colcon.colcon_core.event_handler.log_command:Invoking command in '/home/matt/CSC212-Roomba-Project/build/path_publisher': CMAKE_PREFIX_PATH=${CMAKE_PREFIX_PATH}:/home/matt/create3_examples_ws/install/create3_teleop:/home/matt/create3_examples_ws/install/create3_examples_py /usr/bin/cmake /home/matt/CSC212-Roomba-Project/robot_ws/src/path_publisher -DCMAKE_INSTALL_PREFIX=/home/matt/CSC212-Roomba-Project/install/path_publisher
[1.694s] DEBUG:colcon.colcon_core.event_handler.log_command:Invoked command in '/home/matt/CSC212-Roomba-Project/build/path_publisher' returned '0': CMAKE_PREFIX_PATH=${CMAKE_PREFIX_PATH}:/home/matt/create3_examples_ws/install/create3_teleop:/home/matt/create3_examples_ws/install/create3_examples_py /usr/bin/cmake /home/matt/CSC212-Roomba-Project/robot_ws/src/path_publisher -DCMAKE_INSTALL_PREFIX=/home/matt/CSC212-Roomba-Project/install/path_publisher
[1.694s] DEBUG:colcon.colcon_core.event_handler.log_command:Invoking command in '/home/matt/CSC212-Roomba-Project/build/path_publisher': CMAKE_PREFIX_PATH=${CMAKE_PREFIX_PATH}:/home/matt/create3_examples_ws/install/create3_teleop:/home/matt/create3_examples_ws/install/create3_examples_py /usr/bin/cmake --build /home/matt/CSC212-Roomba-Project/build/path_publisher -- -j10 -l10
[5.592s] DEBUG:colcon.colcon_core.event_handler.log_command:Invoked command in '/home/matt/CSC212-Roomba-Project/build/path_publisher' returned '0': CMAKE_PREFIX_PATH=${CMAKE_PREFIX_PATH}:/home/matt/create3_examples_ws/install/create3_teleop:/home/matt/create3_examples_ws/install/create3_examples_py /usr/bin/cmake --build /home/matt/CSC212-Roomba-Project/build/path_publisher -- -j10 -l10
[5.596s] DEBUG:colcon.colcon_core.event_handler.log_command:Invoking command in '/home/matt/CSC212-Roomba-Project/build/path_publisher': CMAKE_PREFIX_PATH=${CMAKE_PREFIX_PATH}:/home/matt/create3_examples_ws/install/create3_teleop:/home/matt/create3_examples_ws/install/create3_examples_py /usr/bin/cmake --install /home/matt/CSC212-Roomba-Project/build/path_publisher
[5.601s] Level 1:colcon.colcon_core.environment:create_environment_scripts_only(path_publisher)
[5.601s] DEBUG:colcon.colcon_core.event_handler.log_command:Invoked command in '/home/matt/CSC212-Roomba-Project/build/path_publisher' returned '0': CMAKE_PREFIX_PATH=${CMAKE_PREFIX_PATH}:/home/matt/create3_examples_ws/install/create3_teleop:/home/matt/create3_examples_ws/install/create3_examples_py /usr/bin/cmake --install /home/matt/CSC212-Roomba-Project/build/path_publisher
[5.605s] Level 1:colcon.colcon_core.environment:checking '/home/matt/CSC212-Roomba-Project/install/path_publisher' for CMake module files
[5.605s] Level 1:colcon.colcon_core.environment:checking '/home/matt/CSC212-Roomba-Project/install/path_publisher' for CMake config files
[5.605s] Level 1:colcon.colcon_core.shell:create_environment_hook('path_publisher', 'cmake_prefix_path')
[5.605s] INFO:colcon.colcon_core.shell:Creating environment hook '/home/matt/CSC212-Roomba-Project/install/path_publisher/share/path_publisher/hook/cmake_prefix_path.ps1'
[5.606s] INFO:colcon.colcon_core.shell:Creating environment descriptor '/home/matt/CSC212-Roomba-Project/install/path_publisher/share/path_publisher/hook/cmake_prefix_path.dsv'
[5.606s] INFO:colcon.colcon_core.shell:Creating environment hook '/home/matt/CSC212-Roomba-Project/install/path_publisher/share/path_publisher/hook/cmake_prefix_path.sh'
[5.606s] Level 1:colcon.colcon_core.environment:checking '/home/matt/CSC212-Roomba-Project/install/path_publisher/lib'
[5.606s] Level 1:colcon.colcon_core.environment:checking '/home/matt/CSC212-Roomba-Project/install/path_publisher/bin'
[5.606s] Level 1:colcon.colcon_core.environment:checking '/home/matt/CSC212-Roomba-Project/install/path_publisher/lib/pkgconfig/path_publisher.pc'
[5.607s] Level 1:colcon.colcon_core.environment:checking '/home/matt/CSC212-Roomba-Project/install/path_publisher/lib/python3.10/site-packages'
[5.607s] Level 1:colcon.colcon_core.environment:checking '/home/matt/CSC212-Roomba-Project/install/path_publisher/bin'
[5.607s] INFO:colcon.colcon_core.shell:Creating package script '/home/matt/CSC212-Roomba-Project/install/path_publisher/share/path_publisher/package.ps1'
[5.607s] INFO:colcon.colcon_core.shell:Creating package descriptor '/home/matt/CSC212-Roomba-Project/install/path_publisher/share/path_publisher/package.dsv'
[5.608s] INFO:colcon.colcon_core.shell:Creating package script '/home/matt/CSC212-Roomba-Project/install/path_publisher/share/path_publisher/package.sh'
[5.608s] INFO:colcon.colcon_core.shell:Creating package script '/home/matt/CSC212-Roomba-Project/install/path_publisher/share/path_publisher/package.bash'
[5.609s] INFO:colcon.colcon_core.shell:Creating package script '/home/matt/CSC212-Roomba-Project/install/path_publisher/share/path_publisher/package.zsh'
[5.609s] Level 1:colcon.colcon_core.environment:create_file_with_runtime_dependencies(/home/matt/CSC212-Roomba-Project/install/path_publisher/share/colcon-core/packages/path_publisher)
[5.609s] Level 1:colcon.colcon_core.environment:create_environment_scripts_only(path_publisher)
[5.610s] Level 1:colcon.colcon_core.environment:checking '/home/matt/CSC212-Roomba-Project/install/path_publisher' for CMake module files
[5.610s] Level 1:colcon.colcon_core.environment:checking '/home/matt/CSC212-Roomba-Project/install/path_publisher' for CMake config files
[5.610s] Level 1:colcon.colcon_core.shell:create_environment_hook('path_publisher', 'cmake_prefix_path')
[5.610s] INFO:colcon.colcon_core.shell:Creating environment hook '/home/matt/CSC212-Roomba-Project/install/path_publisher/share/path_publisher/hook/cmake_prefix_path.ps1'
[5.610s] INFO:colcon.colcon_core.shell:Creating environment descriptor '/home/matt/CSC212-Roomba-Project/install/path_publisher/share/path_publisher/hook/cmake_prefix_path.dsv'
[5.610s] INFO:colcon.colcon_core.shell:Creating environment hook '/home/matt/CSC212-Roomba-Project/install/path_publisher/share/path_publisher/hook/cmake_prefix_path.sh'
[5.610s] Level 1:colcon.colcon_core.environment:checking '/home/matt/CSC212-Roomba-Project/install/path_publisher/lib'
[5.610s] Level 1:colcon.colcon_core.environment:checking '/home/matt/CSC212-Roomba-Project/install/path_publisher/bin'
[5.610s] Level 1:colcon.colcon_core.environment:checking '/home/matt/CSC212-Roomba-Project/install/path_publisher/lib/pkgconfig/path_publisher.pc'
[5.610s] Level 1:colcon.colcon_core.environment:checking '/home/matt/CSC212-Roomba-Project/install/path_publisher/lib/python3.10/site-packages'
[5.611s] Level 1:colcon.colcon_core.environment:checking '/home/matt/CSC212-Roomba-Project/install/path_publisher/bin'
[5.611s] INFO:colcon.colcon_core.shell:Creating package script '/home/matt/CSC212-Roomba-Project/install/path_publisher/share/path_publisher/package.ps1'
[5.611s] INFO:colcon.colcon_core.shell:Creating package descriptor '/home/matt/CSC212-Roomba-Project/install/path_publisher/share/path_publisher/package.dsv'
[5.611s] INFO:colcon.colcon_core.shell:Creating package script '/home/matt/CSC212-Roomba-Project/install/path_publisher/share/path_publisher/package.sh'
[5.611s] INFO:colcon.colcon_core.shell:Creating package script '/home/matt/CSC212-Roomba-Project/install/path_publisher/share/path_publisher/package.bash'
[5.611s] INFO:colcon.colcon_core.shell:Creating package script '/home/matt/CSC212-Roomba-Project/install/path_publisher/share/path_publisher/package.zsh'
[5.612s] Level 1:colcon.colcon_core.environment:create_file_with_runtime_dependencies(/home/matt/CSC212-Roomba-Project/install/path_publisher/share/colcon-core/packages/path_publisher)
[5.612s] DEBUG:colcon.colcon_parallel_executor.executor.parallel:closing loop
[5.612s] DEBUG:colcon.colcon_parallel_executor.executor.parallel:loop closed
[5.612s] DEBUG:colcon.colcon_parallel_executor.executor.parallel:run_until_complete finished with '0'
[5.612s] DEBUG:colcon.colcon_core.event_reactor:joining thread
[5.615s] INFO:colcon.colcon_core.plugin_system:Skipping extension 'colcon_notification.desktop_notification.terminal_notifier': Not used on non-Darwin systems
[5.615s] INFO:colcon.colcon_core.plugin_system:Skipping extension 'colcon_notification.desktop_notification.win32': Not used on non-Windows systems
[5.615s] INFO:colcon.colcon_notification.desktop_notification:Sending desktop notification using 'notify2'
[5.623s] DEBUG:colcon.colcon_core.event_reactor:joined thread
[5.623s] INFO:colcon.colcon_core.shell:Creating prefix script '/home/matt/CSC212-Roomba-Project/install/local_setup.ps1'
[5.624s] INFO:colcon.colcon_core.shell:Creating prefix util module '/home/matt/CSC212-Roomba-Project/install/_local_setup_util_ps1.py'
[5.624s] INFO:colcon.colcon_core.shell:Creating prefix chain script '/home/matt/CSC212-Roomba-Project/install/setup.ps1'
[5.625s] INFO:colcon.colcon_core.shell:Creating prefix script '/home/matt/CSC212-Roomba-Project/install/local_setup.sh'
[5.626s] INFO:colcon.colcon_core.shell:Creating prefix util module '/home/matt/CSC212-Roomba-Project/install/_local_setup_util_sh.py'
[5.626s] INFO:colcon.colcon_core.shell:Creating prefix chain script '/home/matt/CSC212-Roomba-Project/install/setup.sh'
[5.627s] INFO:colcon.colcon_core.shell:Creating prefix script '/home/matt/CSC212-Roomba-Project/install/local_setup.bash'
[5.627s] INFO:colcon.colcon_core.shell:Creating prefix chain script '/home/matt/CSC212-Roomba-Project/install/setup.bash'
[5.627s] INFO:colcon.colcon_core.shell:Creating prefix script '/home/matt/CSC212-Roomba-Project/install/local_setup.zsh'
[5.628s] INFO:colcon.colcon_core.shell:Creating prefix chain script '/home/matt/CSC212-Roomba-Project/install/setup.zsh'
