[0.004s] Invoking command in '/home/matt/robot_ws/build/path_publisher': CMAKE_PREFIX_PATH=${CMAKE_PREFIX_PATH}:/home/matt/create3_examples_ws/install/create3_teleop:/home/matt/create3_examples_ws/install/create3_examples_py /usr/bin/cmake /home/matt/robot_ws/src/path_publisher -DCMAKE_INSTALL_PREFIX=/home/matt/robot_ws/install/path_publisher
[0.028s] -- The C compiler identification is GNU 11.4.0
[0.050s] -- The CXX compiler identification is GNU 11.4.0
[0.053s] -- Detecting C compiler ABI info
[0.079s] -- Detecting C compiler ABI info - done
[0.082s] -- Check for working C compiler: /usr/bin/cc - skipped
[0.082s] -- Detecting C compile features
[0.082s] -- Detecting C compile features - done
[0.083s] -- Detecting CXX compiler ABI info
[0.115s] -- Detecting CXX compiler ABI info - done
[0.118s] -- Check for working CXX compiler: /usr/bin/c++ - skipped
[0.118s] -- Detecting CXX compile features
[0.118s] -- Detecting CXX compile features - done
[0.121s] -- Found ament_cmake: 1.3.11 (/opt/ros/humble/share/ament_cmake/cmake)
[0.183s] -- Found Python3: /usr/bin/python3 (found version "3.10.12") found components: Interpreter 
[0.228s] -- Found rclcpp: 16.0.11 (/opt/ros/humble/share/rclcpp/cmake)
[0.251s] -- Found rosidl_generator_c: 3.1.6 (/opt/ros/humble/share/rosidl_generator_c/cmake)
[0.254s] -- Found rosidl_adapter: 3.1.6 (/opt/ros/humble/share/rosidl_adapter/cmake)
[0.258s] -- Found rosidl_generator_cpp: 3.1.6 (/opt/ros/humble/share/rosidl_generator_cpp/cmake)
[0.263s] -- Using all available rosidl_typesupport_c: rosidl_typesupport_fastrtps_c;rosidl_typesupport_introspection_c
[0.271s] -- Using all available rosidl_typesupport_cpp: rosidl_typesupport_fastrtps_cpp;rosidl_typesupport_introspection_cpp
[0.293s] -- Found rmw_implementation_cmake: 6.1.2 (/opt/ros/humble/share/rmw_implementation_cmake/cmake)
[0.294s] -- Found rmw_fastrtps_cpp: 6.2.7 (/opt/ros/humble/share/rmw_fastrtps_cpp/cmake)
[0.329s] -- Found OpenSSL: /usr/lib/aarch64-linux-gnu/libcrypto.so (found version "3.0.2")  
[0.342s] -- Found FastRTPS: /opt/ros/humble/include  
[0.361s] -- Using RMW implementation 'rmw_fastrtps_cpp' as default
[0.366s] -- Looking for pthread.h
[0.394s] -- Looking for pthread.h - found
[0.394s] -- Performing Test CMAKE_HAVE_LIBC_PTHREAD
[0.423s] -- Performing Test CMAKE_HAVE_LIBC_PTHREAD - Success
[0.424s] -- Found Threads: TRUE  
[0.448s] -- Found nav_msgs: 4.2.4 (/opt/ros/humble/share/nav_msgs/cmake)
[0.461s] -- Found rviz_visual_tools: 4.1.4 (/opt/ros/humble/share/rviz_visual_tools/cmake)
[0.518s] -- Setting assimp_DIR to: '/opt/ros/humble/share/rviz_assimp_vendor/cmake/../../../opt/rviz_assimp_vendor/lib/cmake/assimp-4.1'
[0.522s] -- Setting OGRE_DIR to: '/opt/ros/humble/share/rviz_ogre_vendor/cmake/../../../opt/rviz_ogre_vendor/lib/OGRE/cmake'
[0.522s] -- Found OGRE
[0.522s] --   static     : OFF
[0.522s] --   components : HLMS;MeshLodGenerator;Overlay;Paging;Property;RTShaderSystem;Terrain;Volume
[0.522s] --   plugins    : Plugin_BSPSceneManager;Plugin_OctreeSceneManager;Plugin_PCZSceneManager;Plugin_ParticleFX;RenderSystem_GL;RenderSystem_GL3Plus;Codec_STBI
[0.522s] --   media      : /opt/ros/humble/opt/rviz_ogre_vendor/share/OGRE/Media
[0.522s] -- OGRE_LIBRARIES: OgreHLMS;OgreMeshLodGenerator;OgreOverlay;OgrePaging;OgreProperty;OgreRTShaderSystem;OgreTerrain;OgreVolume;OgreMain
[0.523s] -- OGRE_LIBRARY_DIRS: /opt/ros/humble/opt/rviz_ogre_vendor/lib
[0.523s] -- OGRE_PLUGINS: Plugin_BSPSceneManager;Plugin_OctreeSceneManager;Plugin_PCZSceneManager;Plugin_ParticleFX;RenderSystem_GL;RenderSystem_GL3Plus;Codec_STBI
[0.523s] -- OGRE_PLUGIN_DIR: /opt/ros/humble/opt/rviz_ogre_vendor/lib/OGRE
[0.523s] -- rviz_ogre_vendor::OgreOverlay for IMPORTED_LOCATION_RELEASE: /opt/ros/humble/opt/rviz_ogre_vendor/lib/libOgreOverlay.so
[0.523s] -- rviz_ogre_vendor::OgreOverlay for IMPORTED_LOCATION_DEBUG: /opt/ros/humble/opt/rviz_ogre_vendor/lib/libOgreOverlay.so
[0.523s] -- rviz_ogre_vendor::OgreMain for IMPORTED_LOCATION_RELEASE: /opt/ros/humble/opt/rviz_ogre_vendor/lib/libOgreMain.so
[0.523s] -- rviz_ogre_vendor::OgreMain for IMPORTED_LOCATION_DEBUG: /opt/ros/humble/opt/rviz_ogre_vendor/lib/libOgreMain.so
[0.523s] -- Could not find freeimage library
[0.531s] -- Found ZLIB: /usr/lib/aarch64-linux-gnu/libz.so (found version "1.2.11") 
[0.533s] -- Found OpenGL: /usr/lib/aarch64-linux-gnu/libOpenGL.so   
[0.568s] -- Found X11: /usr/include   
[0.568s] -- Looking for XOpenDisplay in /usr/lib/aarch64-linux-gnu/libX11.so;/usr/lib/aarch64-linux-gnu/libXext.so
[0.597s] -- Looking for XOpenDisplay in /usr/lib/aarch64-linux-gnu/libX11.so;/usr/lib/aarch64-linux-gnu/libXext.so - found
[0.598s] -- Looking for gethostbyname
[0.626s] -- Looking for gethostbyname - found
[0.626s] -- Looking for connect
[0.653s] -- Looking for connect - found
[0.653s] -- Looking for remove
[0.678s] -- Looking for remove - found
[0.678s] -- Looking for shmat
[0.703s] -- Looking for shmat - found
[0.703s] -- Looking for IceConnectionNumber in ICE
[0.728s] -- Looking for IceConnectionNumber in ICE - found
[0.758s] -- library: /usr/lib/aarch64-linux-gnu/libcurl.so
[0.778s] -- Found Eigen3: TRUE (found version "3.4.0") 
[0.778s] -- Ensuring Eigen3 include directory is part of orocos-kdl CMake target
[0.854s] -- Found tf2_eigen: 0.25.12 (/opt/ros/humble/share/tf2_eigen/cmake)
[0.857s] -- Found ament_lint_auto: 0.12.11 (/opt/ros/humble/share/ament_lint_auto/cmake)
[0.894s] -- Added test 'cppcheck' to perform static code analysis on C / C++ code
[0.894s] -- Configured cppcheck include dirs: 
[0.894s] -- Configured cppcheck exclude dirs and/or files: 
[0.894s] -- Added test 'lint_cmake' to check CMake code style
[0.894s] -- Added test 'uncrustify' to check C / C++ code style
[0.894s] -- Configured uncrustify additional arguments: 
[0.895s] -- Added test 'xmllint' to check XML markup files
[0.895s] -- Configuring done
[0.907s] -- Generating done
[0.910s] -- Build files have been written to: /home/matt/robot_ws/build/path_publisher
[0.916s] Invoked command in '/home/matt/robot_ws/build/path_publisher' returned '0': CMAKE_PREFIX_PATH=${CMAKE_PREFIX_PATH}:/home/matt/create3_examples_ws/install/create3_teleop:/home/matt/create3_examples_ws/install/create3_examples_py /usr/bin/cmake /home/matt/robot_ws/src/path_publisher -DCMAKE_INSTALL_PREFIX=/home/matt/robot_ws/install/path_publisher
[0.917s] Invoking command in '/home/matt/robot_ws/build/path_publisher': CMAKE_PREFIX_PATH=${CMAKE_PREFIX_PATH}:/home/matt/create3_examples_ws/install/create3_teleop:/home/matt/create3_examples_ws/install/create3_examples_py /usr/bin/cmake --build /home/matt/robot_ws/build/path_publisher -- -j10 -l10
[0.936s] [ 50%] [32mBuilding CXX object CMakeFiles/path_publisher.dir/src/path_publisher.cpp.o[0m
[2.699s] [01m[K/home/matt/robot_ws/src/path_publisher/src/path_publisher.cpp:[m[K In constructor ‘[01m[KPathPublisher::PathPublisher()[m[K’:
[2.699s] [01m[K/home/matt/robot_ws/src/path_publisher/src/path_publisher.cpp:11:5:[m[K [01;31m[Kerror: [m[Kno matching function for call to ‘[01m[Krviz_visual_tools::RvizVisualTools::RvizVisualTools(const char [4])[m[K’
[2.699s]    11 |     [01;31m[Kvisual_tools_("map")[m[K
[2.699s]       |     [01;31m[K^~~~~~~~~~~~~~~~~~~~[m[K
[2.699s] In file included from [01m[K/home/matt/robot_ws/src/path_publisher/src/path_publisher.cpp:4[m[K:
[2.699s] [01m[K/opt/ros/humble/include/rviz_visual_tools/rviz_visual_tools.hpp:191:12:[m[K [01;36m[Knote: [m[Kcandidate: ‘[01m[Ktemplate<class NodePtr> rviz_visual_tools::RvizVisualTools::RvizVisualTools(const string&, const string&, NodePtr, const RemoteControlPtr&)[m[K’
[2.699s]   191 |   explicit [01;36m[KRvizVisualTools[m[K(const std::string& base_frame, const std::string& marker_topic,
[2.699s]       |            [01;36m[K^~~~~~~~~~~~~~~[m[K
[2.699s] [01m[K/opt/ros/humble/include/rviz_visual_tools/rviz_visual_tools.hpp:191:12:[m[K [01;36m[Knote: [m[K  template argument deduction/substitution failed:
[2.699s] [01m[K/home/matt/robot_ws/src/path_publisher/src/path_publisher.cpp:11:5:[m[K [01;36m[Knote: [m[K  candidate expects 4 arguments, 1 provided
[2.699s]    11 |     [01;36m[Kvisual_tools_("map")[m[K
[2.699s]       |     [01;36m[K^~~~~~~~~~~~~~~~~~~~[m[K
[2.699s] In file included from [01m[K/home/matt/robot_ws/src/path_publisher/src/path_publisher.cpp:4[m[K:
[2.699s] [01m[K/opt/ros/humble/include/rviz_visual_tools/rviz_visual_tools.hpp:200:12:[m[K [01;36m[Knote: [m[Kcandidate: ‘[01m[Krviz_visual_tools::RvizVisualTools::RvizVisualTools(const string&, const string&, const SharedPtr&, const SharedPtr&, const SharedPtr&, const SharedPtr&, const SharedPtr&, const RemoteControlPtr&)[m[K’
[2.699s]   200 |   explicit [01;36m[KRvizVisualTools[m[K(
[2.699s]       |            [01;36m[K^~~~~~~~~~~~~~~[m[K
[2.699s] [01m[K/opt/ros/humble/include/rviz_visual_tools/rviz_visual_tools.hpp:200:12:[m[K [01;36m[Knote: [m[K  candidate expects 8 arguments, 1 provided
[2.699s] [01m[K/opt/ros/humble/include/rviz_visual_tools/rviz_visual_tools.hpp:175:7:[m[K [01;36m[Knote: [m[Kcandidate: ‘[01m[Krviz_visual_tools::RvizVisualTools::RvizVisualTools(const rviz_visual_tools::RvizVisualTools&)[m[K’
[2.699s]   175 | class [01;36m[KRvizVisualTools[m[K
[2.699s]       |       [01;36m[K^~~~~~~~~~~~~~~[m[K
[2.699s] [01m[K/opt/ros/humble/include/rviz_visual_tools/rviz_visual_tools.hpp:175:7:[m[K [01;36m[Knote: [m[K  no known conversion for argument 1 from ‘[01m[Kconst char [4][m[K’ to ‘[01m[Kconst rviz_visual_tools::RvizVisualTools&[m[K’
[2.707s] [01m[K/home/matt/robot_ws/src/path_publisher/src/path_publisher.cpp:[m[K In member function ‘[01m[Kvoid PathPublisher::odomCallback(nav_msgs::msg::Odometry_<std::allocator<void> >::SharedPtr)[m[K’:
[2.707s] [01m[K/home/matt/robot_ws/src/path_publisher/src/path_publisher.cpp:27:30:[m[K [01;31m[Kerror: [m[Kno matching function for call to ‘[01m[Krviz_visual_tools::RvizVisualTools::publishPath(std::vector<geometry_msgs::msg::PoseStamped_<std::allocator<void> > >&, rviz_visual_tools::Colors, rviz_visual_tools::Scales)[m[K’
[2.707s]    27 |     [01;31m[Kvisual_tools_.publishPath(path_, rviz_visual_tools::LIME_GREEN, rviz_visual_tools::SMALL)[m[K;
[2.707s]       |     [01;31m[K~~~~~~~~~~~~~~~~~~~~~~~~~^~~~~~~~~~~~~~~~~~~~~~~~~~~~~~~~~~~~~~~~~~~~~~~~~~~~~~~~~~~~~~~~[m[K
[2.707s] In file included from [01m[K/home/matt/robot_ws/src/path_publisher/src/path_publisher.cpp:4[m[K:
[2.707s] [01m[K/opt/ros/humble/include/rviz_visual_tools/rviz_visual_tools.hpp:804:8:[m[K [01;36m[Knote: [m[Kcandidate: ‘[01m[Kbool rviz_visual_tools::RvizVisualTools::publishPath(const std::vector<geometry_msgs::msg::Pose_<std::allocator<void> >, std::allocator<geometry_msgs::msg::Pose_<std::allocator<void> > > >&, rviz_visual_tools::Colors, rviz_visual_tools::Scales, const string&)[m[K’
[2.707s]   804 |   bool [01;36m[KpublishPath[m[K(const std::vector<geometry_msgs::msg::Pose>& path, Colors color = RED,
[2.707s]       |        [01;36m[K^~~~~~~~~~~[m[K
[2.707s] [01m[K/opt/ros/humble/include/rviz_visual_tools/rviz_visual_tools.hpp:804:65:[m[K [01;36m[Knote: [m[K  no known conversion for argument 1 from ‘[01m[Kstd::vector<geometry_msgs::msg::PoseStamped_<std::allocator<void> > >[m[K’ to ‘[01m[Kconst std::vector<geometry_msgs::msg::Pose_<std::allocator<void> >, std::allocator<geometry_msgs::msg::Pose_<std::allocator<void> > > >&[m[K’
[2.707s]   804 | ol publishPath([01;36m[Kconst std::vector<geometry_msgs::msg::Pose>& path[m[K, Colors color = RED,
[2.707s]       |                [01;36m[K~~~~~~~~~~~~~~~~~~~~~~~~~~~~~~~~~~~~~~~~~~~~~^~~~[m[K
[2.707s] 
[2.707s] [01m[K/opt/ros/humble/include/rviz_visual_tools/rviz_visual_tools.hpp:806:8:[m[K [01;36m[Knote: [m[Kcandidate: ‘[01m[Kbool rviz_visual_tools::RvizVisualTools::publishPath(const std::vector<geometry_msgs::msg::Point_<std::allocator<void> >, std::allocator<geometry_msgs::msg::Point_<std::allocator<void> > > >&, rviz_visual_tools::Colors, rviz_visual_tools::Scales, const string&)[m[K’
[2.707s]   806 |   bool [01;36m[KpublishPath[m[K(const std::vector<geometry_msgs::msg::Point>& path, Colors color, Scales scale,
[2.707s]       |        [01;36m[K^~~~~~~~~~~[m[K
[2.708s] [01m[K/opt/ros/humble/include/rviz_visual_tools/rviz_visual_tools.hpp:806:66:[m[K [01;36m[Knote: [m[K  no known conversion for argument 1 from ‘[01m[Kstd::vector<geometry_msgs::msg::PoseStamped_<std::allocator<void> > >[m[K’ to ‘[01m[Kconst std::vector<geometry_msgs::msg::Point_<std::allocator<void> >, std::allocator<geometry_msgs::msg::Point_<std::allocator<void> > > >&[m[K’
[2.708s]   806 | l publishPath([01;36m[Kconst std::vector<geometry_msgs::msg::Point>& path[m[K, Colors color, Scales scale,
[2.708s]       |               [01;36m[K~~~~~~~~~~~~~~~~~~~~~~~~~~~~~~~~~~~~~~~~~~~~~~^~~~[m[K
[2.708s] 
[2.708s] [01m[K/opt/ros/humble/include/rviz_visual_tools/rviz_visual_tools.hpp:808:8:[m[K [01;36m[Knote: [m[Kcandidate: ‘[01m[Kbool rviz_visual_tools::RvizVisualTools::publishPath(const vector_Isometry3d&, rviz_visual_tools::Colors, rviz_visual_tools::Scales, const string&)[m[K’
[2.708s]   808 |   bool [01;36m[KpublishPath[m[K(const EigenSTL::vector_Isometry3d& path, Colors color, Scales scale,
[2.708s]       |        [01;36m[K^~~~~~~~~~~[m[K
[2.708s] [01m[K/opt/ros/humble/include/rviz_visual_tools/rviz_visual_tools.hpp:808:55:[m[K [01;36m[Knote: [m[K  no known conversion for argument 1 from ‘[01m[Kstd::vector<geometry_msgs::msg::PoseStamped_<std::allocator<void> > >[m[K’ to ‘[01m[Kconst vector_Isometry3d&[m[K’ {aka ‘[01m[Kconst std::vector<Eigen::Transform<double, 3, 1>, Eigen::aligned_allocator<Eigen::Transform<double, 3, 1> > >&[m[K’}
[2.708s]   808 |   bool publishPath([01;36m[Kconst EigenSTL::vector_Isometry3d& path[m[K, Colors color, Scales scale,
[2.708s]       |                    [01;36m[K~~~~~~~~~~~~~~~~~~~~~~~~~~~~~~~~~~~^~~~[m[K
[2.708s] [01m[K/opt/ros/humble/include/rviz_visual_tools/rviz_visual_tools.hpp:810:8:[m[K [01;36m[Knote: [m[Kcandidate: ‘[01m[Kbool rviz_visual_tools::RvizVisualTools::publishPath(const vector_Vector3d&, rviz_visual_tools::Colors, rviz_visual_tools::Scales, const string&)[m[K’
[2.708s]   810 |   bool [01;36m[KpublishPath[m[K(const EigenSTL::vector_Vector3d& path, Colors color, Scales scale,
[2.708s]       |        [01;36m[K^~~~~~~~~~~[m[K
[2.708s] [01m[K/opt/ros/humble/include/rviz_visual_tools/rviz_visual_tools.hpp:810:53:[m[K [01;36m[Knote: [m[K  no known conversion for argument 1 from ‘[01m[Kstd::vector<geometry_msgs::msg::PoseStamped_<std::allocator<void> > >[m[K’ to ‘[01m[Kconst vector_Vector3d&[m[K’ {aka ‘[01m[Kconst std::vector<Eigen::Matrix<double, 3, 1>, Eigen::aligned_allocator<Eigen::Matrix<double, 3, 1> > >&[m[K’}
[2.708s]   810 |   bool publishPath([01;36m[Kconst EigenSTL::vector_Vector3d& path[m[K, Colors color, Scales scale,
[2.708s]       |                    [01;36m[K~~~~~~~~~~~~~~~~~~~~~~~~~~~~~~~~~^~~~[m[K
[2.708s] [01m[K/opt/ros/humble/include/rviz_visual_tools/rviz_visual_tools.hpp:812:8:[m[K [01;36m[Knote: [m[Kcandidate: ‘[01m[Kbool rviz_visual_tools::RvizVisualTools::publishPath(const std::vector<geometry_msgs::msg::Point_<std::allocator<void> >, std::allocator<geometry_msgs::msg::Point_<std::allocator<void> > > >&, rviz_visual_tools::Colors, double, const string&)[m[K’
[2.708s]   812 |   bool [01;36m[KpublishPath[m[K(const std::vector<geometry_msgs::msg::Point>& path, Colors color = RED,
[2.708s]       |        [01;36m[K^~~~~~~~~~~[m[K
[2.708s] [01m[K/opt/ros/humble/include/rviz_visual_tools/rviz_visual_tools.hpp:812:66:[m[K [01;36m[Knote: [m[K  no known conversion for argument 1 from ‘[01m[Kstd::vector<geometry_msgs::msg::PoseStamped_<std::allocator<void> > >[m[K’ to ‘[01m[Kconst std::vector<geometry_msgs::msg::Point_<std::allocator<void> >, std::allocator<geometry_msgs::msg::Point_<std::allocator<void> > > >&[m[K’
[2.708s]   812 | l publishPath([01;36m[Kconst std::vector<geometry_msgs::msg::Point>& path[m[K, Colors color = RED,
[2.708s]       |               [01;36m[K~~~~~~~~~~~~~~~~~~~~~~~~~~~~~~~~~~~~~~~~~~~~~~^~~~[m[K
[2.708s] 
[2.708s] [01m[K/opt/ros/humble/include/rviz_visual_tools/rviz_visual_tools.hpp:814:8:[m[K [01;36m[Knote: [m[Kcandidate: ‘[01m[Kbool rviz_visual_tools::RvizVisualTools::publishPath(const vector_Vector3d&, rviz_visual_tools::Colors, double, const string&)[m[K’
[2.708s]   814 |   bool [01;36m[KpublishPath[m[K(const EigenSTL::vector_Vector3d& path, Colors color = RED, double radius = 0.01,
[2.708s]       |        [01;36m[K^~~~~~~~~~~[m[K
[2.708s] [01m[K/opt/ros/humble/include/rviz_visual_tools/rviz_visual_tools.hpp:814:53:[m[K [01;36m[Knote: [m[K  no known conversion for argument 1 from ‘[01m[Kstd::vector<geometry_msgs::msg::PoseStamped_<std::allocator<void> > >[m[K’ to ‘[01m[Kconst vector_Vector3d&[m[K’ {aka ‘[01m[Kconst std::vector<Eigen::Matrix<double, 3, 1>, Eigen::aligned_allocator<Eigen::Matrix<double, 3, 1> > >&[m[K’}
[2.708s]   814 |   bool publishPath([01;36m[Kconst EigenSTL::vector_Vector3d& path[m[K, Colors color = RED, double radius = 0.01,
[2.708s]       |                    [01;36m[K~~~~~~~~~~~~~~~~~~~~~~~~~~~~~~~~~^~~~[m[K
[2.708s] [01m[K/opt/ros/humble/include/rviz_visual_tools/rviz_visual_tools.hpp:816:8:[m[K [01;36m[Knote: [m[Kcandidate: ‘[01m[Kbool rviz_visual_tools::RvizVisualTools::publishPath(const vector_Isometry3d&, rviz_visual_tools::Colors, double, const string&)[m[K’
[2.708s]   816 |   bool [01;36m[KpublishPath[m[K(const EigenSTL::vector_Isometry3d& path, Colors color = RED,
[2.708s]       |        [01;36m[K^~~~~~~~~~~[m[K
[2.708s] [01m[K/opt/ros/humble/include/rviz_visual_tools/rviz_visual_tools.hpp:816:55:[m[K [01;36m[Knote: [m[K  no known conversion for argument 1 from ‘[01m[Kstd::vector<geometry_msgs::msg::PoseStamped_<std::allocator<void> > >[m[K’ to ‘[01m[Kconst vector_Isometry3d&[m[K’ {aka ‘[01m[Kconst std::vector<Eigen::Transform<double, 3, 1>, Eigen::aligned_allocator<Eigen::Transform<double, 3, 1> > >&[m[K’}
[2.708s]   816 |   bool publishPath([01;36m[Kconst EigenSTL::vector_Isometry3d& path[m[K, Colors color = RED,
[2.708s]       |                    [01;36m[K~~~~~~~~~~~~~~~~~~~~~~~~~~~~~~~~~~~^~~~[m[K
[2.708s] [01m[K/opt/ros/humble/include/rviz_visual_tools/rviz_visual_tools.hpp:828:8:[m[K [01;36m[Knote: [m[Kcandidate: ‘[01m[Kbool rviz_visual_tools::RvizVisualTools::publishPath(const vector_Vector3d&, const std::vector<rviz_visual_tools::Colors>&, double, const string&)[m[K’
[2.708s]   828 |   bool [01;36m[KpublishPath[m[K(const EigenSTL::vector_Vector3d& path, const std::vector<Colors>& colors,
[2.708s]       |        [01;36m[K^~~~~~~~~~~[m[K
[2.708s] [01m[K/opt/ros/humble/include/rviz_visual_tools/rviz_visual_tools.hpp:828:53:[m[K [01;36m[Knote: [m[K  no known conversion for argument 1 from ‘[01m[Kstd::vector<geometry_msgs::msg::PoseStamped_<std::allocator<void> > >[m[K’ to ‘[01m[Kconst vector_Vector3d&[m[K’ {aka ‘[01m[Kconst std::vector<Eigen::Matrix<double, 3, 1>, Eigen::aligned_allocator<Eigen::Matrix<double, 3, 1> > >&[m[K’}
[2.708s]   828 |   bool publishPath([01;36m[Kconst EigenSTL::vector_Vector3d& path[m[K, const std::vector<Colors>& colors,
[2.708s]       |                    [01;36m[K~~~~~~~~~~~~~~~~~~~~~~~~~~~~~~~~~^~~~[m[K
[2.708s] [01m[K/opt/ros/humble/include/rviz_visual_tools/rviz_visual_tools.hpp:831:8:[m[K [01;36m[Knote: [m[Kcandidate: ‘[01m[Kbool rviz_visual_tools::RvizVisualTools::publishPath(const vector_Vector3d&, const std::vector<std_msgs::msg::ColorRGBA_<std::allocator<void> >, std::allocator<std_msgs::msg::ColorRGBA_<std::allocator<void> > > >&, double, const string&)[m[K’
[2.708s]   831 |   bool [01;36m[KpublishPath[m[K(const EigenSTL::vector_Vector3d& path,
[2.709s]       |        [01;36m[K^~~~~~~~~~~[m[K
[2.709s] [01m[K/opt/ros/humble/include/rviz_visual_tools/rviz_visual_tools.hpp:831:53:[m[K [01;36m[Knote: [m[K  no known conversion for argument 1 from ‘[01m[Kstd::vector<geometry_msgs::msg::PoseStamped_<std::allocator<void> > >[m[K’ to ‘[01m[Kconst vector_Vector3d&[m[K’ {aka ‘[01m[Kconst std::vector<Eigen::Matrix<double, 3, 1>, Eigen::aligned_allocator<Eigen::Matrix<double, 3, 1> > >&[m[K’}
[2.709s]   831 |   bool publishPath([01;36m[Kconst EigenSTL::vector_Vector3d& path[m[K,
[2.709s]       |                    [01;36m[K~~~~~~~~~~~~~~~~~~~~~~~~~~~~~~~~~^~~~[m[K
[3.597s] gmake[2]: *** [CMakeFiles/path_publisher.dir/build.make:76: CMakeFiles/path_publisher.dir/src/path_publisher.cpp.o] Error 1
[3.597s] gmake[1]: *** [CMakeFiles/Makefile2:137: CMakeFiles/path_publisher.dir/all] Error 2
[3.597s] gmake: *** [Makefile:146: all] Error 2
[3.599s] Invoked command in '/home/matt/robot_ws/build/path_publisher' returned '2': CMAKE_PREFIX_PATH=${CMAKE_PREFIX_PATH}:/home/matt/create3_examples_ws/install/create3_teleop:/home/matt/create3_examples_ws/install/create3_examples_py /usr/bin/cmake --build /home/matt/robot_ws/build/path_publisher -- -j10 -l10
